#
# There is insufficient memory for the Java Runtime Environment to continue.
# Native memory allocation (mmap) failed to map 105906176 bytes for Failed to commit area from 0x000000008af00000 to 0x0000000091400000 of length 105906176.
# Possible reasons:
#   The system is out of physical RAM or swap space
#   The process is running with CompressedOops enabled, and the Java Heap may be blocking the growth of the native heap
# Possible solutions:
#   Reduce memory load on the system
#   Increase physical memory or swap space
#   Check if swap backing store is full
#   Decrease Java heap size (-Xmx/-Xms)
#   Decrease number of Java threads
#   Decrease Java thread stack sizes (-Xss)
#   Set larger code cache with -XX:ReservedCodeCacheSize=
#   JVM is running with Unscaled Compressed Oops mode in which the Java heap is
#     placed in the first 4GB address space. The Java Heap base address is the
#     maximum limit for the native heap growth. Please use -XX:HeapBaseMinAddress
#     to set the Java Heap base and to place the Java Heap above 4GB virtual address.
# This output file may be truncated or incomplete.
#
#  Out of Memory Error (./src/hotspot/os/windows/os_windows.cpp:3521), pid=18792, tid=10560
#
# JRE version: OpenJDK Runtime Environment (11.0.12+7) (build 11.0.12+7-b1504.28-7817840)
# Java VM: OpenJDK 64-Bit Server VM (11.0.12+7-b1504.28-7817840, mixed mode, tiered, compressed oops, g1 gc, windows-amd64)
# No core dump will be written. Minidumps are not enabled by default on client versions of Windows
#

---------------  S U M M A R Y ------------

Command Line: --add-opens=java.base/java.util=ALL-UNNAMED --add-opens=java.base/java.lang=ALL-UNNAMED --add-opens=java.base/java.lang.invoke=ALL-UNNAMED --add-opens=java.base/java.util=ALL-UNNAMED --add-opens=java.prefs/java.util.prefs=ALL-UNNAMED --add-opens=java.prefs/java.util.prefs=ALL-UNNAMED --add-opens=java.base/java.nio.charset=ALL-UNNAMED --add-opens=java.base/java.net=ALL-UNNAMED --add-opens=java.base/java.util.concurrent.atomic=ALL-UNNAMED -Xmx2048m -Dfile.encoding=UTF-8 -Duser.country=RU -Duser.language=ru -Duser.variant org.gradle.launcher.daemon.bootstrap.GradleDaemon 7.3.3

Host: AMD Ryzen 3 4300U with Radeon Graphics         , 4 cores, 3G,  Windows 10 , 64 bit Build 19041 (10.0.19041.2251)
Time: Sun Dec 11 15:54:45 2022 Центральная Азия (зима) elapsed time: 23.093014 seconds (0d 0h 0m 23s)

---------------  T H R E A D  ---------------

Current thread (0x0000026d9cf5f800):  VMThread "VM Thread" [stack: 0x0000006fb3600000,0x0000006fb3700000] [id=10560]

Stack: [0x0000006fb3600000,0x0000006fb3700000]
[error occurred during error reporting (printing stack bounds), id 0xc0000005, EXCEPTION_ACCESS_VIOLATION (0xc0000005) at pc=0x0000026d85f9112d]

Native frames: (J=compiled Java code, j=interpreted, Vv=VM code, C=native code)
V  [jvm.dll+0x5fbcea]
V  [jvm.dll+0x731905]
V  [jvm.dll+0x732f1d]
V  [jvm.dll+0x733535]
V  [jvm.dll+0x7334eb]
V  [jvm.dll+0x5fb080]
V  [jvm.dll+0x5fb818]
C  [ntdll.dll+0xa241f]
C  [ntdll.dll+0x514a4]
C  [ntdll.dll+0xa0f4e]
C  0x0000026d85f9112d

VM_Operation (0x0000006fb8efbc30): G1CollectForAllocation, mode: safepoint, requested by thread 0x0000026da3e75800


---------------  P R O C E S S  ---------------

Threads class SMR info:
_java_thread_list=0x0000026da59d15d0, length=85, elements={
0x0000026d80c4a000, 0x0000026d9cf64800, 0x0000026d9cf6e000, 0x0000026d9cf85800,
0x0000026d9cf86800, 0x0000026d9cf87800, 0x0000026d9cfce800, 0x0000026d9cfd0800,
0x0000026d9cfd7800, 0x0000026d9d272800, 0x0000026d9f7d7800, 0x0000026d9e96f800,
0x0000026d9eb72800, 0x0000026d9ec7b800, 0x0000026d9dff3000, 0x0000026d9dff4000,
0x0000026d9e8d1800, 0x0000026d9e988000, 0x0000026d9ebbe800, 0x0000026d9ebc1000,
0x0000026d9ebbd800, 0x0000026d9ebc1800, 0x0000026d9ebbf000, 0x0000026d9ebc3000,
0x0000026d9ebc0000, 0x0000026d9ebc2800, 0x0000026d9ebc4000, 0x0000026da114f000,
0x0000026da1151800, 0x0000026da1150000, 0x0000026da1150800, 0x0000026da1153000,
0x0000026da1154000, 0x0000026da114e000, 0x0000026da1155000, 0x0000026da1156800,
0x0000026da1155800, 0x0000026da115a800, 0x0000026da1159800, 0x0000026da1157000,
0x0000026da115b800, 0x0000026da115c000, 0x0000026da1158000, 0x0000026da1159000,
0x0000026d9def1000, 0x0000026d9def0000, 0x0000026d9deef000, 0x0000026d9def4000,
0x0000026d9def3800, 0x0000026d9def5000, 0x0000026d9def2800, 0x0000026d9def6000,
0x0000026d9def7800, 0x0000026d9def6800, 0x0000026d9def1800, 0x0000026d9defa000,
0x0000026d9defa800, 0x0000026d9def9000, 0x0000026d9defe000, 0x0000026d9defb800,
0x0000026d9defc800, 0x0000026d9defd000, 0x0000026d9def8000, 0x0000026d9e1ff000,
0x0000026d9e1fc800, 0x0000026d9e1f9800, 0x0000026d9e1fd800, 0x0000026d9e1fe000,
0x0000026d9e200000, 0x0000026d9e1fb000, 0x0000026d9e1fa000, 0x0000026d9e200800,
0x0000026d9e201800, 0x0000026d9e1fb800, 0x0000026d9e202800, 0x0000026d9e205800,
0x0000026d9e203000, 0x0000026d9e204000, 0x0000026d9e204800, 0x0000026d9e206800,
0x0000026d9e207000, 0x0000026d9e208000, 0x0000026da3e73000, 0x0000026da3e74800,
0x0000026da3e75800
}

Java Threads: ( => current thread )
  0x0000026d80c4a000 JavaThread "main" [_thread_blocked, id=12528, stack(0x0000006fb3000000,0x0000006fb3100000)]
  0x0000026d9cf64800 JavaThread "Reference Handler" daemon [_thread_blocked, id=17848, stack(0x0000006fb3700000,0x0000006fb3800000)]
  0x0000026d9cf6e000 JavaThread "Finalizer" daemon [_thread_blocked, id=12104, stack(0x0000006fb3800000,0x0000006fb3900000)]
  0x0000026d9cf85800 JavaThread "Signal Dispatcher" daemon [_thread_blocked, id=3664, stack(0x0000006fb3900000,0x0000006fb3a00000)]
  0x0000026d9cf86800 JavaThread "Attach Listener" daemon [_thread_blocked, id=4120, stack(0x0000006fb3a00000,0x0000006fb3b00000)]
  0x0000026d9cf87800 JavaThread "Service Thread" daemon [_thread_blocked, id=11232, stack(0x0000006fb3b00000,0x0000006fb3c00000)]
  0x0000026d9cfce800 JavaThread "C2 CompilerThread0" daemon [_thread_in_native, id=15504, stack(0x0000006fb3c00000,0x0000006fb3d00000)]
  0x0000026d9cfd0800 JavaThread "C1 CompilerThread0" daemon [_thread_blocked, id=1068, stack(0x0000006fb3d00000,0x0000006fb3e00000)]
  0x0000026d9cfd7800 JavaThread "Sweeper thread" daemon [_thread_blocked, id=14716, stack(0x0000006fb3e00000,0x0000006fb3f00000)]
  0x0000026d9d272800 JavaThread "Common-Cleaner" daemon [_thread_blocked, id=7420, stack(0x0000006fb3f00000,0x0000006fb4000000)]
  0x0000026d9f7d7800 JavaThread "Daemon health stats" [_thread_blocked, id=8196, stack(0x0000006fb4200000,0x0000006fb4300000)]
  0x0000026d9e96f800 JavaThread "Incoming local TCP Connector on port 63787" [_thread_in_native, id=13604, stack(0x0000006fb4300000,0x0000006fb4400000)]
  0x0000026d9eb72800 JavaThread "Daemon periodic checks" [_thread_blocked, id=18780, stack(0x0000006fb4600000,0x0000006fb4700000)]
  0x0000026d9ec7b800 JavaThread "Daemon" [_thread_blocked, id=16952, stack(0x0000006fb4700000,0x0000006fb4800000)]
  0x0000026d9dff3000 JavaThread "Handler for socket connection from /127.0.0.1:63787 to /127.0.0.1:63788" [_thread_in_native, id=5172, stack(0x0000006fb4800000,0x0000006fb4900000)]
  0x0000026d9dff4000 JavaThread "Cancel handler" [_thread_blocked, id=20268, stack(0x0000006fb4900000,0x0000006fb4a00000)]
  0x0000026d9e8d1800 JavaThread "Daemon worker" [_thread_blocked, id=3996, stack(0x0000006fb4a00000,0x0000006fb4b00000)]
  0x0000026d9e988000 JavaThread "Asynchronous log dispatcher for DefaultDaemonConnection: socket connection from /127.0.0.1:63787 to /127.0.0.1:63788" [_thread_blocked, id=18764, stack(0x0000006fb4b00000,0x0000006fb4c00000)]
  0x0000026d9ebbe800 JavaThread "Stdin handler" [_thread_blocked, id=19636, stack(0x0000006fb4c00000,0x0000006fb4d00000)]
  0x0000026d9ebc1000 JavaThread "Daemon client event forwarder" [_thread_blocked, id=14840, stack(0x0000006fb4d00000,0x0000006fb4e00000)]
  0x0000026d9ebbd800 JavaThread "Cache worker for journal cache (C:\Users\zhold\.gradle\caches\journal-1)" [_thread_blocked, id=13568, stack(0x0000006fb4e00000,0x0000006fb4f00000)]
  0x0000026d9ebc1800 JavaThread "File lock request listener" [_thread_in_native, id=9924, stack(0x0000006fb4f00000,0x0000006fb5000000)]
  0x0000026d9ebbf000 JavaThread "Cache worker for file hash cache (C:\Users\zhold\.gradle\caches\7.3.3\fileHashes)" [_thread_blocked, id=20856, stack(0x0000006fb5000000,0x0000006fb5100000)]
  0x0000026d9ebc3000 JavaThread "Cache worker for file hash cache (C:\AndroidStudioWorks\Dice\.gradle\7.3.3\fileHashes)" [_thread_blocked, id=18812, stack(0x0000006fb5100000,0x0000006fb5200000)]
  0x0000026d9ebc0000 JavaThread "File watcher server" daemon [_thread_blocked, id=21188, stack(0x0000006fb5200000,0x0000006fb5300000)]
  0x0000026d9ebc2800 JavaThread "File watcher consumer" daemon [_thread_blocked, id=11136, stack(0x0000006fb5300000,0x0000006fb5400000)]
  0x0000026d9ebc4000 JavaThread "Cache worker for checksums cache (C:\AndroidStudioWorks\Dice\.gradle\7.3.3\checksums)" [_thread_blocked, id=21276, stack(0x0000006fb5400000,0x0000006fb5500000)]
  0x0000026da114f000 JavaThread "Cache worker for cache directory md-supplier (C:\Users\zhold\.gradle\caches\7.3.3\md-supplier)" [_thread_blocked, id=15592, stack(0x0000006fb5500000,0x0000006fb5600000)]
  0x0000026da1151800 JavaThread "Cache worker for cache directory md-rule (C:\Users\zhold\.gradle\caches\7.3.3\md-rule)" [_thread_blocked, id=20212, stack(0x0000006fb5600000,0x0000006fb5700000)]
  0x0000026da1150000 JavaThread "Cache worker for execution history cache (C:\Users\zhold\.gradle\caches\7.3.3\executionHistory)" [_thread_blocked, id=10764, stack(0x0000006fb5700000,0x0000006fb5800000)]
  0x0000026da1150800 JavaThread "jar transforms" [_thread_blocked, id=4292, stack(0x0000006fb5800000,0x0000006fb5900000)]
  0x0000026da1153000 JavaThread "Cache worker for file content cache (C:\Users\zhold\.gradle\caches\7.3.3\fileContent)" [_thread_blocked, id=20320, stack(0x0000006fb5900000,0x0000006fb5a00000)]
  0x0000026da1154000 JavaThread "jar transforms Thread 2" [_thread_blocked, id=11016, stack(0x0000006fb5a00000,0x0000006fb5b00000)]
  0x0000026da114e000 JavaThread "Cache worker for dependencies-accessors (C:\AndroidStudioWorks\Dice\.gradle\7.3.3\dependencies-accessors)" [_thread_blocked, id=19032, stack(0x0000006fb5b00000,0x0000006fb5c00000)]
  0x0000026da1155000 JavaThread "jar transforms Thread 3" [_thread_blocked, id=17228, stack(0x0000006fb5c00000,0x0000006fb5d00000)]
  0x0000026da1156800 JavaThread "Cache worker for Build Output Cleanup Cache (C:\AndroidStudioWorks\Dice\.gradle\buildOutputCleanup)" [_thread_blocked, id=20612, stack(0x0000006fb5d00000,0x0000006fb5e00000)]
  0x0000026da1155800 JavaThread "Unconstrained build operations" [_thread_blocked, id=15664, stack(0x0000006fb5e00000,0x0000006fb5f00000)]
  0x0000026da115a800 JavaThread "Unconstrained build operations Thread 2" [_thread_blocked, id=16972, stack(0x0000006fb5f00000,0x0000006fb6000000)]
  0x0000026da1159800 JavaThread "Unconstrained build operations Thread 3" [_thread_blocked, id=14732, stack(0x0000006fb6000000,0x0000006fb6100000)]
  0x0000026da1157000 JavaThread "Unconstrained build operations Thread 4" [_thread_blocked, id=14964, stack(0x0000006fb6100000,0x0000006fb6200000)]
  0x0000026da115b800 JavaThread "Unconstrained build operations Thread 5" [_thread_blocked, id=5888, stack(0x0000006fb6200000,0x0000006fb6300000)]
  0x0000026da115c000 JavaThread "Unconstrained build operations Thread 6" [_thread_blocked, id=12012, stack(0x0000006fb6300000,0x0000006fb6400000)]
  0x0000026da1158000 JavaThread "Unconstrained build operations Thread 7" [_thread_blocked, id=20668, stack(0x0000006fb6400000,0x0000006fb6500000)]
  0x0000026da1159000 JavaThread "Unconstrained build operations Thread 8" [_thread_blocked, id=2360, stack(0x0000006fb6500000,0x0000006fb6600000)]
  0x0000026d9def1000 JavaThread "Unconstrained build operations Thread 9" [_thread_blocked, id=19152, stack(0x0000006fb6600000,0x0000006fb6700000)]
  0x0000026d9def0000 JavaThread "Unconstrained build operations Thread 10" [_thread_blocked, id=19364, stack(0x0000006fb6700000,0x0000006fb6800000)]
  0x0000026d9deef000 JavaThread "Unconstrained build operations Thread 11" [_thread_blocked, id=13344, stack(0x0000006fb6800000,0x0000006fb6900000)]
  0x0000026d9def4000 JavaThread "Unconstrained build operations Thread 12" [_thread_blocked, id=15464, stack(0x0000006fb6900000,0x0000006fb6a00000)]
  0x0000026d9def3800 JavaThread "Unconstrained build operations Thread 13" [_thread_blocked, id=15940, stack(0x0000006fb6a00000,0x0000006fb6b00000)]
  0x0000026d9def5000 JavaThread "Unconstrained build operations Thread 14" [_thread_blocked, id=14892, stack(0x0000006fb6b00000,0x0000006fb6c00000)]
  0x0000026d9def2800 JavaThread "Unconstrained build operations Thread 15" [_thread_blocked, id=208, stack(0x0000006fb6c00000,0x0000006fb6d00000)]
  0x0000026d9def6000 JavaThread "Unconstrained build operations Thread 16" [_thread_blocked, id=16144, stack(0x0000006fb6d00000,0x0000006fb6e00000)]
  0x0000026d9def7800 JavaThread "Unconstrained build operations Thread 17" [_thread_blocked, id=4704, stack(0x0000006fb6e00000,0x0000006fb6f00000)]
  0x0000026d9def6800 JavaThread "Unconstrained build operations Thread 18" [_thread_blocked, id=17664, stack(0x0000006fb6f00000,0x0000006fb7000000)]
  0x0000026d9def1800 JavaThread "Unconstrained build operations Thread 19" [_thread_blocked, id=5192, stack(0x0000006fb7000000,0x0000006fb7100000)]
  0x0000026d9defa000 JavaThread "Unconstrained build operations Thread 20" [_thread_blocked, id=19776, stack(0x0000006fb7100000,0x0000006fb7200000)]
  0x0000026d9defa800 JavaThread "Unconstrained build operations Thread 21" [_thread_blocked, id=9472, stack(0x0000006fb7200000,0x0000006fb7300000)]
  0x0000026d9def9000 JavaThread "Unconstrained build operations Thread 22" [_thread_blocked, id=18760, stack(0x0000006fb7300000,0x0000006fb7400000)]
  0x0000026d9defe000 JavaThread "Unconstrained build operations Thread 23" [_thread_blocked, id=9500, stack(0x0000006fb7400000,0x0000006fb7500000)]
  0x0000026d9defb800 JavaThread "Unconstrained build operations Thread 24" [_thread_blocked, id=5952, stack(0x0000006fb7500000,0x0000006fb7600000)]
  0x0000026d9defc800 JavaThread "Unconstrained build operations Thread 25" [_thread_blocked, id=8988, stack(0x0000006fb7600000,0x0000006fb7700000)]
  0x0000026d9defd000 JavaThread "Unconstrained build operations Thread 26" [_thread_blocked, id=19740, stack(0x0000006fb7700000,0x0000006fb7800000)]
  0x0000026d9def8000 JavaThread "Unconstrained build operations Thread 27" [_thread_blocked, id=11272, stack(0x0000006fb7800000,0x0000006fb7900000)]
  0x0000026d9e1ff000 JavaThread "Unconstrained build operations Thread 28" [_thread_blocked, id=15868, stack(0x0000006fb7900000,0x0000006fb7a00000)]
  0x0000026d9e1fc800 JavaThread "Unconstrained build operations Thread 29" [_thread_blocked, id=5784, stack(0x0000006fb7a00000,0x0000006fb7b00000)]
  0x0000026d9e1f9800 JavaThread "Unconstrained build operations Thread 30" [_thread_blocked, id=13112, stack(0x0000006fb7b00000,0x0000006fb7c00000)]
  0x0000026d9e1fd800 JavaThread "Unconstrained build operations Thread 31" [_thread_blocked, id=18216, stack(0x0000006fb7c00000,0x0000006fb7d00000)]
  0x0000026d9e1fe000 JavaThread "Unconstrained build operations Thread 32" [_thread_blocked, id=15124, stack(0x0000006fb7d00000,0x0000006fb7e00000)]
  0x0000026d9e200000 JavaThread "Unconstrained build operations Thread 33" [_thread_blocked, id=15140, stack(0x0000006fb7e00000,0x0000006fb7f00000)]
  0x0000026d9e1fb000 JavaThread "Unconstrained build operations Thread 34" [_thread_blocked, id=15072, stack(0x0000006fb7f00000,0x0000006fb8000000)]
  0x0000026d9e1fa000 JavaThread "Unconstrained build operations Thread 35" [_thread_blocked, id=18832, stack(0x0000006fb8000000,0x0000006fb8100000)]
  0x0000026d9e200800 JavaThread "Unconstrained build operations Thread 36" [_thread_blocked, id=20432, stack(0x0000006fb8100000,0x0000006fb8200000)]
  0x0000026d9e201800 JavaThread "Unconstrained build operations Thread 37" [_thread_blocked, id=8044, stack(0x0000006fb8200000,0x0000006fb8300000)]
  0x0000026d9e1fb800 JavaThread "Unconstrained build operations Thread 38" [_thread_blocked, id=19488, stack(0x0000006fb8300000,0x0000006fb8400000)]
  0x0000026d9e202800 JavaThread "Unconstrained build operations Thread 39" [_thread_blocked, id=6044, stack(0x0000006fb8400000,0x0000006fb8500000)]
  0x0000026d9e205800 JavaThread "Unconstrained build operations Thread 40" [_thread_blocked, id=7704, stack(0x0000006fb8500000,0x0000006fb8600000)]
  0x0000026d9e203000 JavaThread "jar transforms Thread 4" [_thread_blocked, id=324, stack(0x0000006fb8600000,0x0000006fb8700000)]
  0x0000026d9e204000 JavaThread "Memory manager" [_thread_blocked, id=16612, stack(0x0000006fb8700000,0x0000006fb8800000)]
  0x0000026d9e204800 JavaThread "build event listener" [_thread_blocked, id=7020, stack(0x0000006fb8800000,0x0000006fb8900000)]
  0x0000026d9e206800 JavaThread "Execution worker for ':'" [_thread_blocked, id=19816, stack(0x0000006fb8900000,0x0000006fb8a00000)]
  0x0000026d9e207000 JavaThread "Execution worker for ':' Thread 2" [_thread_blocked, id=9240, stack(0x0000006fb8a00000,0x0000006fb8b00000)]
  0x0000026d9e208000 JavaThread "Execution worker for ':' Thread 3" [_thread_blocked, id=13000, stack(0x0000006fb8b00000,0x0000006fb8c00000)]
  0x0000026da3e73000 JavaThread "Cache worker for execution history cache (C:\AndroidStudioWorks\Dice\.gradle\7.3.3\executionHistory)" [_thread_blocked, id=16648, stack(0x0000006fb8c00000,0x0000006fb8d00000)]
  0x0000026da3e74800 JavaThread "WorkerExecutor Queue" [_thread_blocked, id=14672, stack(0x0000006fb8d00000,0x0000006fb8e00000)]
  0x0000026da3e75800 JavaThread "WorkerExecutor Queue Thread 2" [_thread_blocked, id=17156, stack(0x0000006fb8e00000,0x0000006fb8f00000)]

Other Threads:
=>0x0000026d9cf5f800 VMThread "VM Thread" [stack: 0x0000006fb3600000,0x0000006fb3700000] [id=10560]
  0x0000026d9d2fc000 WatcherThread [stack: 0x0000006fb4000000,0x0000006fb4100000] [id=20172]
  0x0000026d80c63000 GCTaskThread "GC Thread#0" [stack: 0x0000006fb3100000,0x0000006fb3200000] [id=12556]
  0x0000026d9d65b000 GCTaskThread "GC Thread#1" [stack: 0x0000006fb4100000,0x0000006fb4200000] [id=16876]
  0x0000026d9ea59800 GCTaskThread "GC Thread#2" [stack: 0x0000006fb4400000,0x0000006fb4500000] [id=15876]
  0x0000026d9f20d000 GCTaskThread "GC Thread#3" [stack: 0x0000006fb4500000,0x0000006fb4600000] [id=5040]
  0x0000026d80c94000 ConcurrentGCThread "G1 Main Marker" [stack: 0x0000006fb3200000,0x0000006fb3300000] [id=15696]
  0x0000026d80c95800 ConcurrentGCThread "G1 Conc#0" [stack: 0x0000006fb3300000,0x0000006fb3400000] [id=19916]
  0x0000026d80cdd800 ConcurrentGCThread "G1 Refine#0" [stack: 0x0000006fb3400000,0x0000006fb3500000] [id=13852]
  0x0000026d80cde800 ConcurrentGCThread "G1 Young RemSet Sampling" [stack: 0x0000006fb3500000,0x0000006fb3600000] [id=4408]

Threads with active compile tasks:
C2 CompilerThread0  23120 10622  s!   4       jdk.internal.loader.URLClassPath::getLoader (194 bytes)
C1 CompilerThread0  23120 10852       2       java.lang.StringLatin1::toUpperCase (180 bytes)

VM state:at safepoint (normal execution)

VM Mutex/Monitor currently owned by a thread:  ([mutex/lock_event])
[0x0000026d80c46ca0] Threads_lock - owner thread: 0x0000026d9cf5f800
[0x0000026d80c47090] Heap_lock - owner thread: 0x0000026da3e75800

Heap address: 0x0000000080000000, size: 2048 MB, Compressed Oops mode: 32-bit
Narrow klass base: 0x0000000000000000, Narrow klass shift: 3
Compressed class space size: 1073741824 Address: 0x0000000100000000

Heap:
 garbage-first heap   total 282624K, used 105313K [0x0000000080000000, 0x0000000100000000)
  region size 1024K, 4 young (4096K), 4 survivors (4096K)
 Metaspace       used 91055K, capacity 93197K, committed 93440K, reserved 1130496K
  class space    used 11737K, capacity 12525K, committed 12544K, reserved 1048576K
Heap Regions: E=young(eden), S=young(survivor), O=old, HS=humongous(starts), HC=humongous(continues), CS=collection set, F=free, A=archive, TAMS=top-at-mark-start (previous, next)
|   0|0x0000000080000000, 0x0000000080100000, 0x0000000080100000|100%| O|  |TAMS 0x0000000080100000, 0x0000000080100000| Untracked 
|   1|0x0000000080100000, 0x0000000080200000, 0x0000000080200000|100%| O|  |TAMS 0x0000000080200000, 0x0000000080200000| Untracked 
|   2|0x0000000080200000, 0x0000000080300000, 0x0000000080300000|100%| O|  |TAMS 0x0000000080300000, 0x0000000080300000| Untracked 
|   3|0x0000000080300000, 0x0000000080400000, 0x0000000080400000|100%|HS|  |TAMS 0x0000000080400000, 0x0000000080400000| Complete 
|   4|0x0000000080400000, 0x0000000080500000, 0x0000000080500000|100%|HC|  |TAMS 0x0000000080500000, 0x0000000080500000| Complete 
|   5|0x0000000080500000, 0x0000000080600000, 0x0000000080600000|100%|HC|  |TAMS 0x0000000080600000, 0x0000000080600000| Complete 
|   6|0x0000000080600000, 0x0000000080700000, 0x0000000080700000|100%| O|  |TAMS 0x0000000080700000, 0x0000000080700000| Untracked 
|   7|0x0000000080700000, 0x0000000080800000, 0x0000000080800000|100%| O|  |TAMS 0x0000000080800000, 0x0000000080800000| Untracked 
|   8|0x0000000080800000, 0x0000000080900000, 0x0000000080900000|100%| O|  |TAMS 0x0000000080900000, 0x0000000080900000| Untracked 
|   9|0x0000000080900000, 0x0000000080a00000, 0x0000000080a00000|100%| O|  |TAMS 0x0000000080a00000, 0x0000000080a00000| Untracked 
|  10|0x0000000080a00000, 0x0000000080b00000, 0x0000000080b00000|100%| O|  |TAMS 0x0000000080b00000, 0x0000000080b00000| Untracked 
|  11|0x0000000080b00000, 0x0000000080c00000, 0x0000000080c00000|100%| O|  |TAMS 0x0000000080c00000, 0x0000000080c00000| Untracked 
|  12|0x0000000080c00000, 0x0000000080d00000, 0x0000000080d00000|100%| O|  |TAMS 0x0000000080d00000, 0x0000000080d00000| Untracked 
|  13|0x0000000080d00000, 0x0000000080e00000, 0x0000000080e00000|100%| O|  |TAMS 0x0000000080e00000, 0x0000000080e00000| Untracked 
|  14|0x0000000080e00000, 0x0000000080f00000, 0x0000000080f00000|100%| O|  |TAMS 0x0000000080f00000, 0x0000000080f00000| Untracked 
|  15|0x0000000080f00000, 0x0000000081000000, 0x0000000081000000|100%| O|  |TAMS 0x0000000081000000, 0x0000000081000000| Untracked 
|  16|0x0000000081000000, 0x0000000081100000, 0x0000000081100000|100%| O|  |TAMS 0x0000000081100000, 0x0000000081100000| Untracked 
|  17|0x0000000081100000, 0x0000000081200000, 0x0000000081200000|100%| O|  |TAMS 0x0000000081200000, 0x0000000081200000| Untracked 
|  18|0x0000000081200000, 0x0000000081300000, 0x0000000081300000|100%| O|  |TAMS 0x0000000081300000, 0x0000000081300000| Untracked 
|  19|0x0000000081300000, 0x0000000081400000, 0x0000000081400000|100%| O|  |TAMS 0x0000000081400000, 0x0000000081400000| Untracked 
|  20|0x0000000081400000, 0x0000000081500000, 0x0000000081500000|100%| O|  |TAMS 0x0000000081500000, 0x0000000081500000| Untracked 
|  21|0x0000000081500000, 0x0000000081600000, 0x0000000081600000|100%| O|  |TAMS 0x0000000081600000, 0x0000000081600000| Untracked 
|  22|0x0000000081600000, 0x0000000081700000, 0x0000000081700000|100%| O|  |TAMS 0x0000000081700000, 0x0000000081700000| Untracked 
|  23|0x0000000081700000, 0x0000000081800000, 0x0000000081800000|100%| O|  |TAMS 0x0000000081800000, 0x0000000081800000| Untracked 
|  24|0x0000000081800000, 0x0000000081900000, 0x0000000081900000|100%| O|  |TAMS 0x0000000081900000, 0x0000000081900000| Untracked 
|  25|0x0000000081900000, 0x0000000081a00000, 0x0000000081a00000|100%| O|  |TAMS 0x0000000081a00000, 0x0000000081a00000| Untracked 
|  26|0x0000000081a00000, 0x0000000081b00000, 0x0000000081b00000|100%| O|  |TAMS 0x0000000081b00000, 0x0000000081b00000| Untracked 
|  27|0x0000000081b00000, 0x0000000081c00000, 0x0000000081c00000|100%| O|  |TAMS 0x0000000081c00000, 0x0000000081c00000| Untracked 
|  28|0x0000000081c00000, 0x0000000081d00000, 0x0000000081d00000|100%| O|  |TAMS 0x0000000081d00000, 0x0000000081d00000| Untracked 
|  29|0x0000000081d00000, 0x0000000081e00000, 0x0000000081e00000|100%|HS|  |TAMS 0x0000000081e00000, 0x0000000081e00000| Complete 
|  30|0x0000000081e00000, 0x0000000081f00000, 0x0000000081f00000|100%|HS|  |TAMS 0x0000000081f00000, 0x0000000081f00000| Complete 
|  31|0x0000000081f00000, 0x0000000082000000, 0x0000000082000000|100%|HS|  |TAMS 0x0000000082000000, 0x0000000082000000| Complete 
|  32|0x0000000082000000, 0x0000000082100000, 0x0000000082100000|100%|HS|  |TAMS 0x0000000082100000, 0x0000000082100000| Complete 
|  33|0x0000000082100000, 0x0000000082200000, 0x0000000082200000|100%|HC|  |TAMS 0x0000000082200000, 0x0000000082200000| Complete 
|  34|0x0000000082200000, 0x0000000082300000, 0x0000000082300000|100%|HC|  |TAMS 0x0000000082300000, 0x0000000082300000| Complete 
|  35|0x0000000082300000, 0x0000000082400000, 0x0000000082400000|100%| O|  |TAMS 0x0000000082400000, 0x0000000082400000| Untracked 
|  36|0x0000000082400000, 0x0000000082500000, 0x0000000082500000|100%| O|  |TAMS 0x0000000082500000, 0x0000000082500000| Untracked 
|  37|0x0000000082500000, 0x0000000082600000, 0x0000000082600000|100%| O|  |TAMS 0x0000000082600000, 0x0000000082600000| Untracked 
|  38|0x0000000082600000, 0x0000000082700000, 0x0000000082700000|100%| O|  |TAMS 0x0000000082700000, 0x0000000082700000| Untracked 
|  39|0x0000000082700000, 0x0000000082800000, 0x0000000082800000|100%|HS|  |TAMS 0x0000000082800000, 0x0000000082800000| Complete 
|  40|0x0000000082800000, 0x0000000082900000, 0x0000000082900000|100%|HC|  |TAMS 0x0000000082900000, 0x0000000082900000| Complete 
|  41|0x0000000082900000, 0x0000000082a00000, 0x0000000082a00000|100%| O|  |TAMS 0x0000000082a00000, 0x0000000082a00000| Untracked 
|  42|0x0000000082a00000, 0x0000000082b00000, 0x0000000082b00000|100%| O|  |TAMS 0x0000000082b00000, 0x0000000082b00000| Untracked 
|  43|0x0000000082b00000, 0x0000000082c00000, 0x0000000082c00000|100%| O|  |TAMS 0x0000000082c00000, 0x0000000082c00000| Untracked 
|  44|0x0000000082c00000, 0x0000000082d00000, 0x0000000082d00000|100%| O|  |TAMS 0x0000000082d00000, 0x0000000082d00000| Untracked 
|  45|0x0000000082d00000, 0x0000000082e00000, 0x0000000082e00000|100%| O|  |TAMS 0x0000000082e00000, 0x0000000082e00000| Untracked 
|  46|0x0000000082e00000, 0x0000000082f00000, 0x0000000082f00000|100%| O|  |TAMS 0x0000000082f00000, 0x0000000082f00000| Untracked 
|  47|0x0000000082f00000, 0x0000000083000000, 0x0000000083000000|100%| O|  |TAMS 0x0000000083000000, 0x0000000083000000| Untracked 
|  48|0x0000000083000000, 0x0000000083100000, 0x0000000083100000|100%| O|  |TAMS 0x0000000083100000, 0x0000000083100000| Untracked 
|  49|0x0000000083100000, 0x0000000083200000, 0x0000000083200000|100%| O|  |TAMS 0x0000000083200000, 0x0000000083200000| Untracked 
|  50|0x0000000083200000, 0x0000000083300000, 0x0000000083300000|100%| O|  |TAMS 0x0000000083300000, 0x0000000083300000| Untracked 
|  51|0x0000000083300000, 0x0000000083400000, 0x0000000083400000|100%| O|  |TAMS 0x0000000083400000, 0x0000000083400000| Untracked 
|  52|0x0000000083400000, 0x0000000083500000, 0x0000000083500000|100%| O|  |TAMS 0x0000000083500000, 0x0000000083500000| Untracked 
|  53|0x0000000083500000, 0x0000000083600000, 0x0000000083600000|100%| O|  |TAMS 0x0000000083600000, 0x0000000083600000| Untracked 
|  54|0x0000000083600000, 0x0000000083700000, 0x0000000083700000|100%| O|  |TAMS 0x0000000083700000, 0x0000000083700000| Untracked 
|  55|0x0000000083700000, 0x0000000083800000, 0x0000000083800000|100%| O|  |TAMS 0x0000000083800000, 0x0000000083800000| Untracked 
|  56|0x0000000083800000, 0x0000000083900000, 0x0000000083900000|100%| O|  |TAMS 0x0000000083900000, 0x0000000083900000| Untracked 
|  57|0x0000000083900000, 0x0000000083a00000, 0x0000000083a00000|100%| O|  |TAMS 0x0000000083a00000, 0x0000000083a00000| Untracked 
|  58|0x0000000083a00000, 0x0000000083b00000, 0x0000000083b00000|100%| O|  |TAMS 0x0000000083b00000, 0x0000000083b00000| Untracked 
|  59|0x0000000083b00000, 0x0000000083c00000, 0x0000000083c00000|100%| O|  |TAMS 0x0000000083c00000, 0x0000000083c00000| Untracked 
|  60|0x0000000083c00000, 0x0000000083d00000, 0x0000000083d00000|100%| O|  |TAMS 0x0000000083d00000, 0x0000000083d00000| Untracked 
|  61|0x0000000083d00000, 0x0000000083e00000, 0x0000000083e00000|100%| O|  |TAMS 0x0000000083e00000, 0x0000000083e00000| Untracked 
|  62|0x0000000083e00000, 0x0000000083f00000, 0x0000000083f00000|100%| O|  |TAMS 0x0000000083f00000, 0x0000000083f00000| Untracked 
|  63|0x0000000083f00000, 0x0000000084000000, 0x0000000084000000|100%| O|  |TAMS 0x0000000084000000, 0x0000000084000000| Untracked 
|  64|0x0000000084000000, 0x0000000084100000, 0x0000000084100000|100%| O|  |TAMS 0x0000000084100000, 0x0000000084100000| Untracked 
|  65|0x0000000084100000, 0x0000000084200000, 0x0000000084200000|100%| O|  |TAMS 0x0000000084200000, 0x0000000084200000| Untracked 
|  66|0x0000000084200000, 0x0000000084300000, 0x0000000084300000|100%| O|  |TAMS 0x0000000084300000, 0x0000000084300000| Untracked 
|  67|0x0000000084300000, 0x0000000084400000, 0x0000000084400000|100%| O|  |TAMS 0x0000000084300000, 0x0000000084400000| Untracked 
|  68|0x0000000084400000, 0x0000000084500000, 0x0000000084500000|100%| O|  |TAMS 0x0000000084400000, 0x0000000084500000| Untracked 
|  69|0x0000000084500000, 0x0000000084600000, 0x0000000084600000|100%| O|  |TAMS 0x0000000084600000, 0x0000000084600000| Untracked 
|  70|0x0000000084600000, 0x0000000084700000, 0x0000000084700000|100%| O|  |TAMS 0x0000000084700000, 0x0000000084700000| Untracked 
|  71|0x0000000084700000, 0x0000000084800000, 0x0000000084800000|100%| O|  |TAMS 0x0000000084800000, 0x0000000084800000| Untracked 
|  72|0x0000000084800000, 0x0000000084900000, 0x0000000084900000|100%| O|  |TAMS 0x0000000084900000, 0x0000000084900000| Untracked 
|  73|0x0000000084900000, 0x0000000084a00000, 0x0000000084a00000|100%| O|  |TAMS 0x0000000084a00000, 0x0000000084a00000| Untracked 
|  74|0x0000000084a00000, 0x0000000084b00000, 0x0000000084b00000|100%| O|  |TAMS 0x0000000084b00000, 0x0000000084b00000| Untracked 
|  75|0x0000000084b00000, 0x0000000084c00000, 0x0000000084c00000|100%| O|  |TAMS 0x0000000084c00000, 0x0000000084c00000| Untracked 
|  76|0x0000000084c00000, 0x0000000084d00000, 0x0000000084d00000|100%|HS|  |TAMS 0x0000000084d00000, 0x0000000084d00000| Complete 
|  77|0x0000000084d00000, 0x0000000084e00000, 0x0000000084e00000|100%|HC|  |TAMS 0x0000000084e00000, 0x0000000084e00000| Complete 
|  78|0x0000000084e00000, 0x0000000084f00000, 0x0000000084f00000|100%| O|  |TAMS 0x0000000084f00000, 0x0000000084f00000| Untracked 
|  79|0x0000000084f00000, 0x0000000085000000, 0x0000000085000000|100%| O|  |TAMS 0x0000000085000000, 0x0000000085000000| Untracked 
|  80|0x0000000085000000, 0x0000000085100000, 0x0000000085100000|100%| O|  |TAMS 0x0000000085100000, 0x0000000085100000| Untracked 
|  81|0x0000000085100000, 0x0000000085200000, 0x0000000085200000|100%| O|  |TAMS 0x0000000085200000, 0x0000000085200000| Untracked 
|  82|0x0000000085200000, 0x0000000085300000, 0x0000000085300000|100%| O|  |TAMS 0x0000000085300000, 0x0000000085300000| Untracked 
|  83|0x0000000085300000, 0x0000000085400000, 0x0000000085400000|100%| O|  |TAMS 0x0000000085400000, 0x0000000085400000| Untracked 
|  84|0x0000000085400000, 0x0000000085500000, 0x0000000085500000|100%| O|  |TAMS 0x0000000085500000, 0x0000000085500000| Untracked 
|  85|0x0000000085500000, 0x0000000085600000, 0x0000000085600000|100%| O|  |TAMS 0x0000000085600000, 0x0000000085600000| Untracked 
|  86|0x0000000085600000, 0x0000000085700000, 0x0000000085700000|100%| O|  |TAMS 0x0000000085700000, 0x0000000085700000| Untracked 
|  87|0x0000000085700000, 0x0000000085800000, 0x0000000085800000|100%| O|  |TAMS 0x0000000085800000, 0x0000000085800000| Untracked 
|  88|0x0000000085800000, 0x0000000085900000, 0x0000000085900000|100%| O|  |TAMS 0x000000008588c800, 0x0000000085900000| Untracked 
|  89|0x0000000085900000, 0x0000000085a00000, 0x0000000085a00000|100%| O|  |TAMS 0x0000000085900000, 0x0000000085a00000| Untracked 
|  90|0x0000000085a00000, 0x0000000085a00000, 0x0000000085b00000|  0%| F|  |TAMS 0x0000000085a00000, 0x0000000085a00000| Untracked 
|  91|0x0000000085b00000, 0x0000000085b00000, 0x0000000085c00000|  0%| F|  |TAMS 0x0000000085b00000, 0x0000000085b00000| Untracked 
|  92|0x0000000085c00000, 0x0000000085c00000, 0x0000000085d00000|  0%| F|  |TAMS 0x0000000085c00000, 0x0000000085c00000| Untracked 
|  93|0x0000000085d00000, 0x0000000085d00000, 0x0000000085e00000|  0%| F|  |TAMS 0x0000000085d00000, 0x0000000085d00000| Untracked 
|  94|0x0000000085e00000, 0x0000000085e00000, 0x0000000085f00000|  0%| F|  |TAMS 0x0000000085e00000, 0x0000000085e00000| Untracked 
|  95|0x0000000085f00000, 0x0000000085f00000, 0x0000000086000000|  0%| F|  |TAMS 0x0000000085f00000, 0x0000000085f00000| Untracked 
|  96|0x0000000086000000, 0x0000000086000000, 0x0000000086100000|  0%| F|  |TAMS 0x0000000086000000, 0x0000000086000000| Untracked 
|  97|0x0000000086100000, 0x0000000086100000, 0x0000000086200000|  0%| F|  |TAMS 0x0000000086100000, 0x0000000086100000| Untracked 
|  98|0x0000000086200000, 0x0000000086200000, 0x0000000086300000|  0%| F|  |TAMS 0x0000000086200000, 0x0000000086200000| Untracked 
|  99|0x0000000086300000, 0x0000000086300000, 0x0000000086400000|  0%| F|  |TAMS 0x0000000086300000, 0x0000000086300000| Untracked 
| 100|0x0000000086400000, 0x0000000086400000, 0x0000000086500000|  0%| F|  |TAMS 0x0000000086400000, 0x0000000086400000| Untracked 
| 101|0x0000000086500000, 0x0000000086500000, 0x0000000086600000|  0%| F|  |TAMS 0x0000000086500000, 0x0000000086500000| Untracked 
| 102|0x0000000086600000, 0x0000000086600000, 0x0000000086700000|  0%| F|  |TAMS 0x0000000086600000, 0x0000000086600000| Untracked 
| 103|0x0000000086700000, 0x0000000086700000, 0x0000000086800000|  0%| F|  |TAMS 0x0000000086700000, 0x0000000086700000| Untracked 
| 104|0x0000000086800000, 0x0000000086800000, 0x0000000086900000|  0%| F|  |TAMS 0x0000000086800000, 0x0000000086800000| Untracked 
| 105|0x0000000086900000, 0x0000000086900000, 0x0000000086a00000|  0%| F|  |TAMS 0x0000000086900000, 0x0000000086900000| Untracked 
| 106|0x0000000086a00000, 0x0000000086a00000, 0x0000000086b00000|  0%| F|  |TAMS 0x0000000086a00000, 0x0000000086a00000| Untracked 
| 107|0x0000000086b00000, 0x0000000086b00000, 0x0000000086c00000|  0%| F|  |TAMS 0x0000000086b00000, 0x0000000086b00000| Untracked 
| 108|0x0000000086c00000, 0x0000000086d00000, 0x0000000086d00000|100%| O|  |TAMS 0x0000000086c00000, 0x0000000086d00000| Untracked 
| 109|0x0000000086d00000, 0x0000000086e00000, 0x0000000086e00000|100%| O|  |TAMS 0x0000000086d00000, 0x0000000086e00000| Untracked 
| 110|0x0000000086e00000, 0x0000000086f00000, 0x0000000086f00000|100%| O|  |TAMS 0x0000000086e00000, 0x0000000086f00000| Untracked 
| 111|0x0000000086f00000, 0x0000000087000000, 0x0000000087000000|100%| O|  |TAMS 0x0000000086f00000, 0x0000000087000000| Untracked 
| 112|0x0000000087000000, 0x0000000087100000, 0x0000000087100000|100%| O|  |TAMS 0x0000000087000000, 0x0000000087100000| Untracked 
| 113|0x0000000087100000, 0x0000000087200000, 0x0000000087200000|100%| O|  |TAMS 0x0000000087100000, 0x0000000087200000| Untracked 
| 114|0x0000000087200000, 0x0000000087300000, 0x0000000087300000|100%| O|  |TAMS 0x0000000087200000, 0x0000000087300000| Untracked 
| 115|0x0000000087300000, 0x0000000087400000, 0x0000000087400000|100%| O|  |TAMS 0x0000000087300000, 0x0000000087400000| Untracked 
| 116|0x0000000087400000, 0x0000000087500000, 0x0000000087500000|100%| O|  |TAMS 0x0000000087400000, 0x0000000087500000| Untracked 
| 117|0x0000000087500000, 0x0000000087500000, 0x0000000087600000|  0%| F|  |TAMS 0x0000000087500000, 0x0000000087500000| Untracked 
| 118|0x0000000087600000, 0x0000000087600000, 0x0000000087700000|  0%| F|  |TAMS 0x0000000087600000, 0x0000000087600000| Untracked 
| 119|0x0000000087700000, 0x0000000087700000, 0x0000000087800000|  0%| F|  |TAMS 0x0000000087700000, 0x0000000087700000| Untracked 
| 120|0x0000000087800000, 0x0000000087800000, 0x0000000087900000|  0%| F|  |TAMS 0x0000000087800000, 0x0000000087800000| Untracked 
| 121|0x0000000087900000, 0x0000000087900000, 0x0000000087a00000|  0%| F|  |TAMS 0x0000000087900000, 0x0000000087900000| Untracked 
| 122|0x0000000087a00000, 0x0000000087a00000, 0x0000000087b00000|  0%| F|  |TAMS 0x0000000087a00000, 0x0000000087a00000| Untracked 
| 123|0x0000000087b00000, 0x0000000087b00000, 0x0000000087c00000|  0%| F|  |TAMS 0x0000000087b00000, 0x0000000087b00000| Untracked 
| 124|0x0000000087c00000, 0x0000000087c00000, 0x0000000087d00000|  0%| F|  |TAMS 0x0000000087c00000, 0x0000000087c00000| Untracked 
| 125|0x0000000087d00000, 0x0000000087d00000, 0x0000000087e00000|  0%| F|  |TAMS 0x0000000087d00000, 0x0000000087d00000| Untracked 
| 126|0x0000000087e00000, 0x0000000087e00000, 0x0000000087f00000|  0%| F|  |TAMS 0x0000000087e00000, 0x0000000087e00000| Untracked 
| 127|0x0000000087f00000, 0x0000000087f00000, 0x0000000088000000|  0%| F|  |TAMS 0x0000000087f00000, 0x0000000087f00000| Untracked 
| 128|0x0000000088000000, 0x0000000088000000, 0x0000000088100000|  0%| F|  |TAMS 0x0000000088000000, 0x0000000088000000| Untracked 
| 129|0x0000000088100000, 0x0000000088100000, 0x0000000088200000|  0%| F|  |TAMS 0x0000000088100000, 0x0000000088100000| Untracked 
| 130|0x0000000088200000, 0x0000000088200000, 0x0000000088300000|  0%| F|  |TAMS 0x0000000088200000, 0x0000000088200000| Untracked 
| 131|0x0000000088300000, 0x0000000088300000, 0x0000000088400000|  0%| F|  |TAMS 0x0000000088300000, 0x0000000088300000| Untracked 
| 132|0x0000000088400000, 0x0000000088400000, 0x0000000088500000|  0%| F|  |TAMS 0x0000000088400000, 0x0000000088400000| Untracked 
| 133|0x0000000088500000, 0x0000000088500000, 0x0000000088600000|  0%| F|  |TAMS 0x0000000088500000, 0x0000000088500000| Untracked 
| 134|0x0000000088600000, 0x0000000088600000, 0x0000000088700000|  0%| F|  |TAMS 0x0000000088600000, 0x0000000088600000| Untracked 
| 135|0x0000000088700000, 0x0000000088700000, 0x0000000088800000|  0%| F|  |TAMS 0x0000000088700000, 0x0000000088700000| Untracked 
| 136|0x0000000088800000, 0x00000000888d86a0, 0x0000000088900000| 84%| S|CS|TAMS 0x0000000088800000, 0x0000000088800000| Complete 
| 137|0x0000000088900000, 0x0000000088a00000, 0x0000000088a00000|100%| S|CS|TAMS 0x0000000088900000, 0x0000000088900000| Complete 
| 138|0x0000000088a00000, 0x0000000088b00000, 0x0000000088b00000|100%| S|CS|TAMS 0x0000000088a00000, 0x0000000088a00000| Complete 
| 139|0x0000000088b00000, 0x0000000088c00000, 0x0000000088c00000|100%| S|CS|TAMS 0x0000000088b00000, 0x0000000088b00000| Complete 
| 140|0x0000000088c00000, 0x0000000088c00000, 0x0000000088d00000|  0%| F|  |TAMS 0x0000000088c00000, 0x0000000088c00000| Untracked 
| 141|0x0000000088d00000, 0x0000000088d00000, 0x0000000088e00000|  0%| F|  |TAMS 0x0000000088d00000, 0x0000000088d00000| Untracked 
| 142|0x0000000088e00000, 0x0000000088e00000, 0x0000000088f00000|  0%| F|  |TAMS 0x0000000088e00000, 0x0000000088e00000| Untracked 
| 143|0x0000000088f00000, 0x0000000088f00000, 0x0000000089000000|  0%| F|  |TAMS 0x0000000088f00000, 0x0000000088f00000| Untracked 
| 144|0x0000000089000000, 0x0000000089000000, 0x0000000089100000|  0%| F|  |TAMS 0x0000000089000000, 0x0000000089000000| Untracked 
| 145|0x0000000089100000, 0x0000000089100000, 0x0000000089200000|  0%| F|  |TAMS 0x0000000089100000, 0x0000000089100000| Untracked 
| 146|0x0000000089200000, 0x0000000089200000, 0x0000000089300000|  0%| F|  |TAMS 0x0000000089200000, 0x0000000089200000| Untracked 
| 147|0x0000000089300000, 0x0000000089300000, 0x0000000089400000|  0%| F|  |TAMS 0x0000000089300000, 0x0000000089300000| Untracked 
| 148|0x0000000089400000, 0x0000000089400000, 0x0000000089500000|  0%| F|  |TAMS 0x0000000089400000, 0x0000000089400000| Untracked 
| 149|0x0000000089500000, 0x0000000089500000, 0x0000000089600000|  0%| F|  |TAMS 0x0000000089500000, 0x0000000089500000| Untracked 
| 150|0x0000000089600000, 0x0000000089600000, 0x0000000089700000|  0%| F|  |TAMS 0x0000000089600000, 0x0000000089600000| Untracked 
| 151|0x0000000089700000, 0x0000000089700000, 0x0000000089800000|  0%| F|  |TAMS 0x0000000089700000, 0x0000000089700000| Untracked 
| 152|0x0000000089800000, 0x0000000089800000, 0x0000000089900000|  0%| F|  |TAMS 0x0000000089800000, 0x0000000089800000| Untracked 
| 153|0x0000000089900000, 0x0000000089900000, 0x0000000089a00000|  0%| F|  |TAMS 0x0000000089900000, 0x0000000089900000| Untracked 
| 154|0x0000000089a00000, 0x0000000089a00000, 0x0000000089b00000|  0%| F|  |TAMS 0x0000000089a00000, 0x0000000089a00000| Untracked 
| 155|0x0000000089b00000, 0x0000000089b00000, 0x0000000089c00000|  0%| F|  |TAMS 0x0000000089b00000, 0x0000000089b00000| Untracked 
| 156|0x0000000089c00000, 0x0000000089c00000, 0x0000000089d00000|  0%| F|  |TAMS 0x0000000089c00000, 0x0000000089c00000| Untracked 
| 157|0x0000000089d00000, 0x0000000089d00000, 0x0000000089e00000|  0%| F|  |TAMS 0x0000000089d00000, 0x0000000089d00000| Untracked 
| 158|0x0000000089e00000, 0x0000000089e00000, 0x0000000089f00000|  0%| F|  |TAMS 0x0000000089e00000, 0x0000000089e00000| Untracked 
| 159|0x0000000089f00000, 0x0000000089f00000, 0x000000008a000000|  0%| F|  |TAMS 0x0000000089f00000, 0x0000000089f00000| Untracked 
| 160|0x000000008a000000, 0x000000008a000000, 0x000000008a100000|  0%| F|  |TAMS 0x000000008a000000, 0x000000008a000000| Untracked 
| 161|0x000000008a100000, 0x000000008a100000, 0x000000008a200000|  0%| F|  |TAMS 0x000000008a100000, 0x000000008a100000| Untracked 
| 162|0x000000008a200000, 0x000000008a200000, 0x000000008a300000|  0%| F|  |TAMS 0x000000008a200000, 0x000000008a200000| Untracked 
| 163|0x000000008a300000, 0x000000008a300000, 0x000000008a400000|  0%| F|  |TAMS 0x000000008a300000, 0x000000008a300000| Untracked 
| 164|0x000000008a400000, 0x000000008a400000, 0x000000008a500000|  0%| F|  |TAMS 0x000000008a400000, 0x000000008a400000| Untracked 
| 165|0x000000008a500000, 0x000000008a500000, 0x000000008a600000|  0%| F|  |TAMS 0x000000008a500000, 0x000000008a500000| Untracked 
| 166|0x000000008a600000, 0x000000008a600000, 0x000000008a700000|  0%| F|  |TAMS 0x000000008a600000, 0x000000008a600000| Untracked 
| 167|0x000000008a700000, 0x000000008a700000, 0x000000008a800000|  0%| F|  |TAMS 0x000000008a700000, 0x000000008a700000| Untracked 
| 168|0x000000008a800000, 0x000000008a800000, 0x000000008a900000|  0%| F|  |TAMS 0x000000008a800000, 0x000000008a800000| Untracked 
| 169|0x000000008a900000, 0x000000008a900000, 0x000000008aa00000|  0%| F|  |TAMS 0x000000008a900000, 0x000000008a900000| Untracked 
| 170|0x000000008aa00000, 0x000000008aa00000, 0x000000008ab00000|  0%| F|  |TAMS 0x000000008aa00000, 0x000000008aa00000| Untracked 
| 171|0x000000008ab00000, 0x000000008ab00000, 0x000000008ac00000|  0%| F|  |TAMS 0x000000008ab00000, 0x000000008ab00000| Untracked 
| 172|0x000000008ac00000, 0x000000008ac00000, 0x000000008ad00000|  0%| F|  |TAMS 0x000000008ac00000, 0x000000008ac00000| Untracked 
| 173|0x000000008ad00000, 0x000000008ad00000, 0x000000008ae00000|  0%| F|  |TAMS 0x000000008ad00000, 0x000000008ad00000| Untracked 
| 174|0x000000008ae00000, 0x000000008ae00000, 0x000000008af00000|  0%| F|  |TAMS 0x000000008ae00000, 0x000000008ae00000| Untracked 

Card table byte_map: [0x0000026d959b0000,0x0000026d95db0000] _byte_map_base: 0x0000026d955b0000

Marking Bits (Prev, Next): (CMBitMap*) 0x0000026d80c8b428, (CMBitMap*) 0x0000026d80c8b460
 Prev Bits: [0x0000026d961b0000, 0x0000026d981b0000)
 Next Bits: [0x0000026d981b0000, 0x0000026d9a1b0000)

Polling page: 0x0000026d80d30000

Metaspace:

Usage:
  Non-class:     78.78 MB capacity,    77.46 MB ( 98%) used,     1.07 MB (  1%) free+waste,   254.81 KB ( <1%) overhead. 
      Class:     12.23 MB capacity,    11.46 MB ( 94%) used,   671.05 KB (  5%) free+waste,   116.44 KB ( <1%) overhead. 
       Both:     91.01 MB capacity,    88.92 MB ( 98%) used,     1.73 MB (  2%) free+waste,   371.25 KB ( <1%) overhead. 

Virtual space:
  Non-class space:       80.00 MB reserved,      79.00 MB ( 99%) committed 
      Class space:        1.00 GB reserved,      12.25 MB (  1%) committed 
             Both:        1.08 GB reserved,      91.25 MB (  8%) committed 

Chunk freelists:
   Non-Class:  32.00 KB
       Class:  19.00 KB
        Both:  51.00 KB

MaxMetaspaceSize: 17179869184.00 GB
CompressedClassSpaceSize: 1.00 GB
Initial GC threshold: 20.80 MB
Current GC threshold: 147.09 MB
CDS: off

CodeHeap 'non-profiled nmethods': size=120064Kb used=5746Kb max_used=5746Kb free=114317Kb
 bounds [0x0000026d8da50000, 0x0000026d8dff0000, 0x0000026d94f90000]
CodeHeap 'profiled nmethods': size=120000Kb used=22898Kb max_used=22898Kb free=97101Kb
 bounds [0x0000026d86520000, 0x0000026d87b80000, 0x0000026d8da50000]
CodeHeap 'non-nmethods': size=5696Kb used=2386Kb max_used=2433Kb free=3309Kb
 bounds [0x0000026d85f90000, 0x0000026d86200000, 0x0000026d86520000]
 total_blobs=11593 nmethods=10690 adapters=814
 compilation: enabled
              stopped_count=0, restarted_count=0
 full_count=0

Compilation events (20 events):
Event: 23.047 Thread 0x0000026d9cfd0800 nmethod 10842 0x0000026d87b79710 code [0x0000026d87b798c0, 0x0000026d87b79a08]
Event: 23.047 Thread 0x0000026d9cfd0800 10843       2       com.google.common.collect.RegularImmutableTable::checkNoDuplicate (20 bytes)
Event: 23.047 Thread 0x0000026d9cfd0800 nmethod 10843 0x0000026d87b79a90 code [0x0000026d87b79c40, 0x0000026d87b79d88]
Event: 23.047 Thread 0x0000026d9cfd0800 10844       2       com.google.common.base.Preconditions::checkArgument (39 bytes)
Event: 23.047 Thread 0x0000026d9cfd0800 nmethod 10844 0x0000026d87b79e90 code [0x0000026d87b7a080, 0x0000026d87b7a5b8]
Event: 23.050 Thread 0x0000026d9cfd0800 10845       2       java.net.URLClassLoader::isSealed (70 bytes)
Event: 23.050 Thread 0x0000026d9cfd0800 nmethod 10845 0x0000026d87b7a810 code [0x0000026d87b7aa40, 0x0000026d87b7ada8]
Event: 23.061 Thread 0x0000026d9cfd0800 10846       2       com.google.common.collect.ImmutableSortedMap::comparator (8 bytes)
Event: 23.061 Thread 0x0000026d9cfd0800 nmethod 10846 0x0000026d87b7b090 code [0x0000026d87b7b240, 0x0000026d87b7b338]
Event: 23.061 Thread 0x0000026d9cfd0800 10847       2       org.gradle.internal.resources.AbstractResourceLockRegistry::detailsForCurrentThread (54 bytes)
Event: 23.062 Thread 0x0000026d9cfd0800 nmethod 10847 0x0000026d87b7b410 code [0x0000026d87b7b600, 0x0000026d87b7b9b8]
Event: 23.062 Thread 0x0000026d9cfd0800 10849       2       org.gradle.internal.resources.AbstractResourceLockRegistry$ThreadLockDetails::access$102 (7 bytes)
Event: 23.062 Thread 0x0000026d9cfd0800 nmethod 10849 0x0000026d87b7bb90 code [0x0000026d87b7bd40, 0x0000026d87b7be38]
Event: 23.062 Thread 0x0000026d9cfd0800 10848       1       org.gradle.internal.operations.DefaultBuildOperationQueue::access$1100 (5 bytes)
Event: 23.062 Thread 0x0000026d9cfd0800 nmethod 10848 0x0000026d8dfec610 code [0x0000026d8dfec7c0, 0x0000026d8dfec858]
Event: 23.063 Thread 0x0000026d9cfd0800 10850       2       org.gradle.internal.resources.DefaultResourceLockCoordinationService$AcquireLocks::transform (62 bytes)
Event: 23.063 Thread 0x0000026d9cfd0800 nmethod 10850 0x0000026d87b7bf10 code [0x0000026d87b7c100, 0x0000026d87b7c398]
Event: 23.063 Thread 0x0000026d9cfd0800 10851   !   2       org.gradle.internal.resources.DefaultResourceLockCoordinationService$DefaultResourceLockState::releaseLocks (76 bytes)
Event: 23.063 Thread 0x0000026d9cfd0800 nmethod 10851 0x0000026d87b7c510 code [0x0000026d87b7c700, 0x0000026d87b7c9c8]
Event: 23.063 Thread 0x0000026d9cfd0800 10852       2       java.lang.StringLatin1::toUpperCase (180 bytes)

GC Heap History (20 events):
Event: 12.609 GC heap after
{Heap after GC invocations=26 (full 0):
 garbage-first heap   total 115712K, used 59526K [0x0000000080000000, 0x0000000100000000)
  region size 1024K, 4 young (4096K), 4 survivors (4096K)
 Metaspace       used 65266K, capacity 66798K, committed 67072K, reserved 1107968K
  class space    used 8286K, capacity 8858K, committed 8960K, reserved 1048576K
}
Event: 13.225 GC heap before
{Heap before GC invocations=26 (full 0):
 garbage-first heap   total 115712K, used 92294K [0x0000000080000000, 0x0000000100000000)
  region size 1024K, 36 young (36864K), 4 survivors (4096K)
 Metaspace       used 67897K, capacity 69410K, committed 69632K, reserved 1110016K
  class space    used 8640K, capacity 9211K, committed 9216K, reserved 1048576K
}
Event: 13.237 GC heap after
{Heap after GC invocations=27 (full 0):
 garbage-first heap   total 115712K, used 60736K [0x0000000080000000, 0x0000000100000000)
  region size 1024K, 3 young (3072K), 3 survivors (3072K)
 Metaspace       used 67897K, capacity 69410K, committed 69632K, reserved 1110016K
  class space    used 8640K, capacity 9211K, committed 9216K, reserved 1048576K
}
Event: 13.558 GC heap before
{Heap before GC invocations=28 (full 0):
 garbage-first heap   total 115712K, used 93504K [0x0000000080000000, 0x0000000100000000)
  region size 1024K, 35 young (35840K), 3 survivors (3072K)
 Metaspace       used 68562K, capacity 70067K, committed 70272K, reserved 1110016K
  class space    used 8703K, capacity 9282K, committed 9344K, reserved 1048576K
}
Event: 13.567 GC heap after
{Heap after GC invocations=29 (full 0):
 garbage-first heap   total 139264K, used 63042K [0x0000000080000000, 0x0000000100000000)
  region size 1024K, 5 young (5120K), 5 survivors (5120K)
 Metaspace       used 68562K, capacity 70067K, committed 70272K, reserved 1110016K
  class space    used 8703K, capacity 9282K, committed 9344K, reserved 1048576K
}
Event: 14.434 GC heap before
{Heap before GC invocations=29 (full 0):
 garbage-first heap   total 139264K, used 106050K [0x0000000080000000, 0x0000000100000000)
  region size 1024K, 47 young (48128K), 5 survivors (5120K)
 Metaspace       used 73574K, capacity 75074K, committed 75264K, reserved 1114112K
  class space    used 9541K, capacity 10135K, committed 10240K, reserved 1048576K
}
Event: 14.450 GC heap after
{Heap after GC invocations=30 (full 0):
 garbage-first heap   total 139264K, used 65718K [0x0000000080000000, 0x0000000100000000)
  region size 1024K, 6 young (6144K), 6 survivors (6144K)
 Metaspace       used 73574K, capacity 75074K, committed 75264K, reserved 1114112K
  class space    used 9541K, capacity 10135K, committed 10240K, reserved 1048576K
}
Event: 15.126 GC heap before
{Heap before GC invocations=30 (full 0):
 garbage-first heap   total 139264K, used 108726K [0x0000000080000000, 0x0000000100000000)
  region size 1024K, 48 young (49152K), 6 survivors (6144K)
 Metaspace       used 77458K, capacity 79204K, committed 79488K, reserved 1118208K
  class space    used 10092K, capacity 10772K, committed 10880K, reserved 1048576K
}
Event: 15.151 GC heap after
{Heap after GC invocations=31 (full 0):
 garbage-first heap   total 139264K, used 68038K [0x0000000080000000, 0x0000000100000000)
  region size 1024K, 5 young (5120K), 5 survivors (5120K)
 Metaspace       used 77458K, capacity 79204K, committed 79488K, reserved 1118208K
  class space    used 10092K, capacity 10772K, committed 10880K, reserved 1048576K
}
Event: 16.486 GC heap before
{Heap before GC invocations=31 (full 0):
 garbage-first heap   total 139264K, used 111046K [0x0000000080000000, 0x0000000100000000)
  region size 1024K, 47 young (48128K), 5 survivors (5120K)
 Metaspace       used 81993K, capacity 83706K, committed 83840K, reserved 1122304K
  class space    used 10694K, capacity 11337K, committed 11392K, reserved 1048576K
}
Event: 16.534 GC heap after
{Heap after GC invocations=32 (full 0):
 garbage-first heap   total 139264K, used 71410K [0x0000000080000000, 0x0000000100000000)
  region size 1024K, 6 young (6144K), 6 survivors (6144K)
 Metaspace       used 81993K, capacity 83706K, committed 83840K, reserved 1122304K
  class space    used 10694K, capacity 11337K, committed 11392K, reserved 1048576K
}
Event: 18.707 GC heap before
{Heap before GC invocations=33 (full 0):
 garbage-first heap   total 139264K, used 113394K [0x0000000080000000, 0x0000000100000000)
  region size 1024K, 47 young (48128K), 6 survivors (6144K)
 Metaspace       used 85005K, capacity 87034K, committed 87296K, reserved 1124352K
  class space    used 11174K, capacity 11972K, committed 12032K, reserved 1048576K
}
Event: 18.771 GC heap after
{Heap after GC invocations=34 (full 0):
 garbage-first heap   total 179200K, used 74442K [0x0000000080000000, 0x0000000100000000)
  region size 1024K, 6 young (6144K), 6 survivors (6144K)
 Metaspace       used 85005K, capacity 87034K, committed 87296K, reserved 1124352K
  class space    used 11174K, capacity 11972K, committed 12032K, reserved 1048576K
}
Event: 20.490 GC heap before
{Heap before GC invocations=34 (full 0):
 garbage-first heap   total 179200K, used 132810K [0x0000000080000000, 0x0000000100000000)
  region size 1024K, 62 young (63488K), 6 survivors (6144K)
 Metaspace       used 86871K, capacity 88973K, committed 89216K, reserved 1126400K
  class space    used 11329K, capacity 12124K, committed 12160K, reserved 1048576K
}
Event: 20.528 GC heap after
{Heap after GC invocations=35 (full 0):
 garbage-first heap   total 179200K, used 83568K [0x0000000080000000, 0x0000000100000000)
  region size 1024K, 8 young (8192K), 8 survivors (8192K)
 Metaspace       used 86871K, capacity 88973K, committed 89216K, reserved 1126400K
  class space    used 11329K, capacity 12124K, committed 12160K, reserved 1048576K
}
Event: 21.110 GC heap before
{Heap before GC invocations=35 (full 0):
 garbage-first heap   total 179200K, used 118384K [0x0000000080000000, 0x0000000100000000)
  region size 1024K, 40 young (40960K), 8 survivors (8192K)
 Metaspace       used 87795K, capacity 89871K, committed 90112K, reserved 1126400K
  class space    used 11424K, capacity 12253K, committed 12288K, reserved 1048576K
}
Event: 21.217 GC heap after
{Heap after GC invocations=36 (full 0):
 garbage-first heap   total 179200K, used 96818K [0x0000000080000000, 0x0000000100000000)
  region size 1024K, 8 young (8192K), 8 survivors (8192K)
 Metaspace       used 87795K, capacity 89871K, committed 90112K, reserved 1126400K
  class space    used 11424K, capacity 12253K, committed 12288K, reserved 1048576K
}
Event: 22.180 GC heap before
{Heap before GC invocations=37 (full 0):
 garbage-first heap   total 179200K, used 154162K [0x0000000080000000, 0x0000000100000000)
  region size 1024K, 44 young (45056K), 8 survivors (8192K)
 Metaspace       used 88326K, capacity 90425K, committed 90752K, reserved 1128448K
  class space    used 11474K, capacity 12299K, committed 12416K, reserved 1048576K
}
Event: 22.209 GC heap after
{Heap after GC invocations=38 (full 0):
 garbage-first heap   total 179200K, used 101627K [0x0000000080000000, 0x0000000100000000)
  region size 1024K, 4 young (4096K), 4 survivors (4096K)
 Metaspace       used 88326K, capacity 90425K, committed 90752K, reserved 1128448K
  class space    used 11474K, capacity 12299K, committed 12416K, reserved 1048576K
}
Event: 23.064 GC heap before
{Heap before GC invocations=38 (full 0):
 garbage-first heap   total 179200K, used 136443K [0x0000000080000000, 0x0000000100000000)
  region size 1024K, 39 young (39936K), 4 survivors (4096K)
 Metaspace       used 91055K, capacity 93197K, committed 93440K, reserved 1130496K
  class space    used 11737K, capacity 12525K, committed 12544K, reserved 1048576K
}

Deoptimization events (20 events):
Event: 22.926 Thread 0x0000026da3e74800 Uncommon trap: trap_request=0xffffff4d fr.pc=0x0000026d8dbe5240 relative=0x0000000000000480
Event: 22.926 Thread 0x0000026da3e74800 Uncommon trap: reason=unstable_if action=reinterpret pc=0x0000026d8dbe5240 method=java.lang.String.substring(I)Ljava/lang/String; @ 43 c2
Event: 22.926 Thread 0x0000026da3e74800 DEOPT PACKING pc=0x0000026d8dbe5240 sp=0x0000006fb8dfd580
Event: 22.927 Thread 0x0000026da3e74800 DEOPT UNPACKING pc=0x0000026d85fda1af sp=0x0000006fb8dfd558 mode 2
Event: 22.964 Thread 0x0000026da3e74800 DEOPT PACKING pc=0x0000026d87a8ee6b sp=0x0000006fb8dfce30
Event: 22.964 Thread 0x0000026da3e74800 DEOPT UNPACKING pc=0x0000026d85fda95e sp=0x0000006fb8dfc320 mode 0
Event: 22.964 Thread 0x0000026da3e74800 DEOPT PACKING pc=0x0000026d87acd490 sp=0x0000006fb8dfcf70
Event: 22.964 Thread 0x0000026da3e74800 DEOPT UNPACKING pc=0x0000026d85fda95e sp=0x0000006fb8dfc4e8 mode 0
Event: 22.967 Thread 0x0000026da3e74800 DEOPT PACKING pc=0x0000026d87b14fff sp=0x0000006fb8dfcdb0
Event: 22.967 Thread 0x0000026da3e74800 DEOPT UNPACKING pc=0x0000026d85fda95e sp=0x0000006fb8dfc2f8 mode 0
Event: 22.968 Thread 0x0000026da3e74800 DEOPT PACKING pc=0x0000026d87acd490 sp=0x0000006fb8dfce70
Event: 22.968 Thread 0x0000026da3e74800 DEOPT UNPACKING pc=0x0000026d85fda95e sp=0x0000006fb8dfc3e8 mode 0
Event: 22.976 Thread 0x0000026da3e74800 DEOPT PACKING pc=0x0000026d87b1c112 sp=0x0000006fb8dfd2a0
Event: 22.976 Thread 0x0000026da3e74800 DEOPT UNPACKING pc=0x0000026d85fda95e sp=0x0000006fb8dfc7c8 mode 0
Event: 22.985 Thread 0x0000026da3e75800 Uncommon trap: trap_request=0xffffff4d fr.pc=0x0000026d8dad3228 relative=0x0000000000000e08
Event: 22.986 Thread 0x0000026da3e75800 Uncommon trap: reason=unstable_if action=reinterpret pc=0x0000026d8dad3228 method=java.io.BufferedReader.readLine(Z)Ljava/lang/String; @ 192 c2
Event: 22.986 Thread 0x0000026da3e75800 DEOPT PACKING pc=0x0000026d8dad3228 sp=0x0000006fb8efd960
Event: 22.986 Thread 0x0000026da3e75800 DEOPT UNPACKING pc=0x0000026d85fda1af sp=0x0000006fb8efd918 mode 2
Event: 22.996 Thread 0x0000026da3e75800 DEOPT PACKING pc=0x0000026d87b4bf63 sp=0x0000006fb8efd920
Event: 22.996 Thread 0x0000026da3e75800 DEOPT UNPACKING pc=0x0000026d85fda95e sp=0x0000006fb8efce60 mode 0

Classes redefined (0 events):
No events

Internal exceptions (20 events):
Event: 17.497 Thread 0x0000026d9e204800 Exception <a 'java/lang/NoSuchMethodError'{0x0000000087480b38}: <clinit>> (0x0000000087480b38) thrown at [./src/hotspot/share/prims/jni.cpp, line 1365]
Event: 17.505 Thread 0x0000026d9e204800 Exception <a 'java/lang/NoSuchMethodError'{0x00000000874d1298}: 'void java.lang.invoke.DirectMethodHandle$Holder.invokeSpecial(java.lang.Object, java.lang.Object, java.lang.Object, int)'> (0x00000000874d1298) thrown at [./src/hotspot/share/interpreter/linkResolver.cpp, line 773]
Event: 17.542 Thread 0x0000026d9e208000 Exception <a 'java/lang/NoSuchMethodError'{0x00000000873fbde0}: 'java.lang.Object java.lang.invoke.DirectMethodHandle$Holder.invokeInterface(java.lang.Object, java.lang.Object, int)'> (0x00000000873fbde0) thrown at [./src/hotspot/share/interpreter/linkResolver.cpp, line 773]
Event: 17.544 Thread 0x0000026d9ebc1000 Exception <a 'java/lang/NoSuchMethodError'{0x000000008722d1c0}: <clinit>> (0x000000008722d1c0) thrown at [./src/hotspot/share/prims/jni.cpp, line 1365]
Event: 17.547 Thread 0x0000026d9e208000 Exception <a 'java/lang/NoSuchMethodError'{0x00000000872100b8}: 'void java.lang.invoke.DirectMethodHandle$Holder.invokeStatic(java.lang.Object, java.lang.Object, java.lang.Object, int)'> (0x00000000872100b8) thrown at [./src/hotspot/share/interpreter/linkResolver.cpp, line 773]
Event: 17.650 Thread 0x0000026d9e208000 Implicit null exception at 0x0000026d8dcb5677 to 0x0000026d8dcb5810
Event: 17.688 Thread 0x0000026d9e208000 Exception <a 'java/lang/IncompatibleClassChangeError'{0x00000000871bb818}: Found class java.lang.Object, but interface was expected> (0x00000000871bb818) thrown at [./src/hotspot/share/interpreter/linkResolver.cpp, line 839]
Event: 17.802 Thread 0x0000026d9e208000 Exception <a 'java/lang/NoSuchMethodError'{0x0000000086e6f9d8}: 'int java.lang.invoke.DirectMethodHandle$Holder.invokeStaticInit(java.lang.Object, java.lang.Object, java.lang.Object, java.lang.Object, java.lang.Object)'> (0x0000000086e6f9d8) thrown at [./src/hotspot/share/interpreter/linkResolver.cpp, line 773]
Event: 18.500 Thread 0x0000026d9e208000 Exception <a 'java/lang/NoSuchMethodError'{0x0000000086782270}: 'void java.lang.invoke.DirectMethodHandle$Holder.invokeStatic(java.lang.Object, java.lang.Object, java.lang.Object, java.lang.Object, int, java.lang.Object, java.lang.Object)'> (0x0000000086782270) thrown at [./src/hotspot/share/interpreter/linkResolver.cpp, line 773]
Event: 18.551 Thread 0x0000026d9e205800 Exception <a 'java/lang/NoSuchMethodError'{0x00000000863fcc98}: 'java.lang.Object java.lang.invoke.DirectMethodHandle$Holder.invokeSpecialIFC(java.lang.Object, java.lang.Object, java.lang.Object)'> (0x00000000863fcc98) thrown at [./src/hotspot/share/interpreter/linkResolver.cpp, line 773]
Event: 18.551 Thread 0x0000026da1159000 Exception <a 'java/lang/NoSuchMethodError'{0x0000000086211ee8}: 'java.lang.Object java.lang.invoke.DirectMethodHandle$Holder.invokeSpecialIFC(java.lang.Object, java.lang.Object, java.lang.Object)'> (0x0000000086211ee8) thrown at [./src/hotspot/share/interpreter/linkResolver.cpp, line 773]
Event: 18.551 Thread 0x0000026da115a800 Exception <a 'java/lang/NoSuchMethodError'{0x0000000086208058}: 'java.lang.Object java.lang.invoke.DirectMethodHandle$Holder.invokeSpecialIFC(java.lang.Object, java.lang.Object, java.lang.Object)'> (0x0000000086208058) thrown at [./src/hotspot/share/interpreter/linkResolver.cpp, line 773]
Event: 19.760 Thread 0x0000026d9def2800 Implicit null exception at 0x0000026d8df1757b to 0x0000026d8df17d83
Event: 19.789 Thread 0x0000026d9def3800 Implicit null exception at 0x0000026d8df1d039 to 0x0000026d8df1d6d8
Event: 19.993 Thread 0x0000026d9e208000 Exception <a 'java/lang/NoSuchMethodError'{0x00000000883b4220}: 'void java.lang.invoke.DirectMethodHandle$Holder.invokeVirtual(java.lang.Object, java.lang.Object)'> (0x00000000883b4220) thrown at [./src/hotspot/share/interpreter/linkResolver.cpp, line 773]
Event: 20.857 Thread 0x0000026d9e208000 Implicit null exception at 0x0000026d8df4bd10 to 0x0000026d8df4c76e
Event: 21.943 Thread 0x0000026d9e208000 Exception <a 'java/lang/NoSuchMethodError'{0x000000008868a700}: <clinit>> (0x000000008868a700) thrown at [./src/hotspot/share/prims/jni.cpp, line 1365]
Event: 22.082 Thread 0x0000026d9e208000 Exception <a 'java/lang/NoSuchMethodError'{0x00000000885f6958}: <clinit>> (0x00000000885f6958) thrown at [./src/hotspot/share/prims/jni.cpp, line 1365]
Event: 22.655 Thread 0x0000026d9e8d1800 Exception <a 'java/lang/NoSuchMethodError'{0x000000008a235628}: 'java.lang.Object java.lang.invoke.DirectMethodHandle$Holder.newInvokeSpecial(java.lang.Object, java.lang.Object, java.lang.Object, java.lang.Object)'> (0x000000008a235628) thrown at [./src/hotspot/share/interpreter/linkResolver.cpp, line 773]
Event: 22.693 Thread 0x0000026d9ebc1000 Exception <a 'java/lang/NoSuchMethodError'{0x000000008a1213a8}: <clinit>> (0x000000008a1213a8) thrown at [./src/hotspot/share/prims/jni.cpp, line 1365]

Events (20 events):
Event: 23.044 loading class com/google/common/collect/DenseImmutableTable$ColumnMap done
Event: 23.048 loading class com/google/common/collect/ImmutableMapValues
Event: 23.048 loading class com/google/common/collect/ImmutableMapValues done
Event: 23.049 loading class com/google/common/collect/ImmutableMap$IteratorBasedImmutableMap$1EntrySetImpl
Event: 23.049 loading class com/google/common/collect/ImmutableMap$IteratorBasedImmutableMap$1EntrySetImpl done
Event: 23.051 loading class com/google/common/collect/ImmutableMapKeySet
Event: 23.051 loading class com/google/common/collect/ImmutableMapKeySet done
Event: 23.051 loading class com/google/common/collect/DenseImmutableTable$ImmutableArrayMap$1
Event: 23.051 loading class com/google/common/collect/DenseImmutableTable$ImmutableArrayMap$1 done
Event: 23.052 loading class com/google/common/collect/DenseImmutableTable$Row
Event: 23.052 loading class com/google/common/collect/DenseImmutableTable$Row done
Event: 23.053 loading class com/google/common/collect/DenseImmutableTable$Column
Event: 23.053 loading class com/google/common/collect/DenseImmutableTable$Column done
Event: 23.054 loading class com/android/ide/common/symbols/ResourceDirectoryParser
Event: 23.054 loading class com/android/ide/common/symbols/ResourceDirectoryParser done
Event: 23.056 loading class com/android/ide/common/symbols/ResourceValuesXmlParseException
Event: 23.056 loading class com/android/ide/common/symbols/ResourceValuesXmlParseException done
Event: 23.057 loading class com/android/ide/common/symbols/ResourceDirectoryParser$parseResourceSourceSetDirectory$$inlined$sortedBy$1
Event: 23.057 loading class com/android/ide/common/symbols/ResourceDirectoryParser$parseResourceSourceSetDirectory$$inlined$sortedBy$1 done
Event: 23.063 Executing VM operation: G1CollectForAllocation


Dynamic libraries:
0x00007ff764840000 - 0x00007ff76484a000 	C:\Program Files\Android\Android Studio\jre\bin\java.exe
0x00007fff5bdb0000 - 0x00007fff5bfa8000 	C:\windows\SYSTEM32\ntdll.dll
0x00007fff5b150000 - 0x00007fff5b20f000 	C:\windows\System32\KERNEL32.DLL
0x00007fff596d0000 - 0x00007fff599a2000 	C:\windows\System32\KERNELBASE.dll
0x00007fff59a50000 - 0x00007fff59b50000 	C:\windows\System32\ucrtbase.dll
0x00007fff31880000 - 0x00007fff31899000 	C:\Program Files\Android\Android Studio\jre\bin\jli.dll
0x00007fff5a900000 - 0x00007fff5aa9d000 	C:\windows\System32\USER32.dll
0x00007fff59610000 - 0x00007fff59632000 	C:\windows\System32\win32u.dll
0x00007fff5b8b0000 - 0x00007fff5b8db000 	C:\windows\System32\GDI32.dll
0x00007fff594b0000 - 0x00007fff595bf000 	C:\windows\System32\gdi32full.dll
0x00007fff599b0000 - 0x00007fff59a4d000 	C:\windows\System32\msvcp_win.dll
0x00007fff2a2d0000 - 0x00007fff2a2e7000 	C:\Program Files\Android\Android Studio\jre\bin\VCRUNTIME140.dll
0x00007fff41da0000 - 0x00007fff4203a000 	C:\windows\WinSxS\amd64_microsoft.windows.common-controls_6595b64144ccf1df_6.0.19041.1110_none_60b5254171f9507e\COMCTL32.dll
0x00007fff5a860000 - 0x00007fff5a8fe000 	C:\windows\System32\msvcrt.dll
0x00007fff5b870000 - 0x00007fff5b8a2000 	C:\windows\System32\IMM32.DLL
0x00007fff26320000 - 0x00007fff263bd000 	C:\Program Files\Android\Android Studio\jre\bin\msvcp140.dll
0x00007fff14ad0000 - 0x00007fff155b5000 	C:\Program Files\Android\Android Studio\jre\bin\server\jvm.dll
0x00007fff5abe0000 - 0x00007fff5ac8e000 	C:\windows\System32\ADVAPI32.dll
0x00007fff5ac90000 - 0x00007fff5ad2c000 	C:\windows\System32\sechost.dll
0x00007fff5a6a0000 - 0x00007fff5a7c5000 	C:\windows\System32\RPCRT4.dll
0x00007fff59e00000 - 0x00007fff59e08000 	C:\windows\System32\PSAPI.DLL
0x00007fff3acf0000 - 0x00007fff3acf9000 	C:\windows\SYSTEM32\WSOCK32.dll
0x00007fff5af40000 - 0x00007fff5afab000 	C:\windows\System32\WS2_32.dll
0x00007fff4fb70000 - 0x00007fff4fb97000 	C:\windows\SYSTEM32\WINMM.dll
0x00007fff4fba0000 - 0x00007fff4fbaa000 	C:\windows\SYSTEM32\VERSION.dll
0x00007fff57350000 - 0x00007fff57362000 	C:\windows\SYSTEM32\kernel.appcore.dll
0x00007fff51c00000 - 0x00007fff51c11000 	C:\Program Files\Android\Android Studio\jre\bin\verify.dll
0x00007fff46e30000 - 0x00007fff47014000 	C:\windows\SYSTEM32\DBGHELP.DLL
0x00007fff40f90000 - 0x00007fff40fbc000 	C:\windows\SYSTEM32\dbgcore.DLL
0x00007fff59640000 - 0x00007fff596c2000 	C:\windows\System32\bcryptPrimitives.dll
0x00007fff51bd0000 - 0x00007fff51bf9000 	C:\Program Files\Android\Android Studio\jre\bin\java.dll
0x00007fff55830000 - 0x00007fff5583b000 	C:\Program Files\Android\Android Studio\jre\bin\jimage.dll
0x00007fff50ba0000 - 0x00007fff50bb8000 	C:\Program Files\Android\Android Studio\jre\bin\zip.dll
0x00007fff59f50000 - 0x00007fff5a693000 	C:\windows\System32\SHELL32.dll
0x00007fff57570000 - 0x00007fff57d02000 	C:\windows\SYSTEM32\windows.storage.dll
0x00007fff5ba10000 - 0x00007fff5bd64000 	C:\windows\System32\combase.dll
0x00007fff58ec0000 - 0x00007fff58ef0000 	C:\windows\SYSTEM32\Wldp.dll
0x00007fff5b7c0000 - 0x00007fff5b86d000 	C:\windows\System32\SHCORE.dll
0x00007fff59e10000 - 0x00007fff59e65000 	C:\windows\System32\shlwapi.dll
0x00007fff593f0000 - 0x00007fff5940f000 	C:\windows\SYSTEM32\profapi.dll
0x00007fff50b60000 - 0x00007fff50b7a000 	C:\Program Files\Android\Android Studio\jre\bin\net.dll
0x00007fff536a0000 - 0x00007fff537ac000 	C:\windows\SYSTEM32\WINHTTP.dll
0x00007fff58c00000 - 0x00007fff58c6a000 	C:\windows\system32\mswsock.dll
0x00007fff42430000 - 0x00007fff42444000 	C:\Program Files\Android\Android Studio\jre\bin\nio.dll
0x00007fff2bfb0000 - 0x00007fff2bfd7000 	C:\Users\zhold\.gradle\native\e1d6ef7f7dcc3fd88c89a11ec53ec762bb8ba0a96d01ffa2cd45eb1d1d8dd5c5\windows-amd64\native-platform.dll
0x00007fff27a50000 - 0x00007fff27b94000 	C:\Users\zhold\.gradle\native\5664cfc778a61ccfe75a443a1ab52a65af34e5dc3c78e0209fed803814484fcb\windows-amd64\native-platform-file-events.dll
0x00007fff547a0000 - 0x00007fff547aa000 	C:\Program Files\Android\Android Studio\jre\bin\management.dll
0x00007fff51e70000 - 0x00007fff51e7d000 	C:\Program Files\Android\Android Studio\jre\bin\management_ext.dll
0x00007fff58df0000 - 0x00007fff58e08000 	C:\windows\SYSTEM32\CRYPTSP.dll
0x00007fff58520000 - 0x00007fff58554000 	C:\windows\system32\rsaenh.dll
0x00007fff59b50000 - 0x00007fff59b77000 	C:\windows\System32\bcrypt.dll
0x00007fff59370000 - 0x00007fff5939e000 	C:\windows\SYSTEM32\USERENV.dll
0x00007fff58e10000 - 0x00007fff58e1c000 	C:\windows\SYSTEM32\CRYPTBASE.dll
0x00007fff588f0000 - 0x00007fff5892b000 	C:\windows\SYSTEM32\IPHLPAPI.DLL
0x00007fff5b090000 - 0x00007fff5b098000 	C:\windows\System32\NSI.dll
0x00007fff50560000 - 0x00007fff50577000 	C:\windows\SYSTEM32\dhcpcsvc6.DLL
0x00007fff50760000 - 0x00007fff5077d000 	C:\windows\SYSTEM32\dhcpcsvc.DLL
0x00007fff58940000 - 0x00007fff58a0a000 	C:\windows\SYSTEM32\DNSAPI.dll
0x00007fff58660000 - 0x00007fff58693000 	C:\windows\SYSTEM32\ntmarta.dll

dbghelp: loaded successfully - version: 4.0.5 - missing functions: none
symbol engine: initialized successfully - sym options: 0x614 - pdb path: .;C:\Program Files\Android\Android Studio\jre\bin;C:\windows\SYSTEM32;C:\windows\WinSxS\amd64_microsoft.windows.common-controls_6595b64144ccf1df_6.0.19041.1110_none_60b5254171f9507e;C:\Program Files\Android\Android Studio\jre\bin\server;C:\Users\zhold\.gradle\native\e1d6ef7f7dcc3fd88c89a11ec53ec762bb8ba0a96d01ffa2cd45eb1d1d8dd5c5\windows-amd64;C:\Users\zhold\.gradle\native\5664cfc778a61ccfe75a443a1ab52a65af34e5dc3c78e0209fed803814484fcb\windows-amd64

VM Arguments:
jvm_args: --add-opens=java.base/java.util=ALL-UNNAMED --add-opens=java.base/java.lang=ALL-UNNAMED --add-opens=java.base/java.lang.invoke=ALL-UNNAMED --add-opens=java.base/java.util=ALL-UNNAMED --add-opens=java.prefs/java.util.prefs=ALL-UNNAMED --add-opens=java.prefs/java.util.prefs=ALL-UNNAMED --add-opens=java.base/java.nio.charset=ALL-UNNAMED --add-opens=java.base/java.net=ALL-UNNAMED --add-opens=java.base/java.util.concurrent.atomic=ALL-UNNAMED -Xmx2048m -Dfile.encoding=UTF-8 -Duser.country=RU -Duser.language=ru -Duser.variant 
java_command: org.gradle.launcher.daemon.bootstrap.GradleDaemon 7.3.3
java_class_path (initial): C:\Users\zhold\.gradle\wrapper\dists\gradle-7.3.3-bin\6a41zxkdtcxs8rphpq6y0069z\gradle-7.3.3\lib\gradle-launcher-7.3.3.jar
Launcher Type: SUN_STANDARD

[Global flags]
     intx CICompilerCount                          = 3                                         {product} {ergonomic}
     uint ConcGCThreads                            = 1                                         {product} {ergonomic}
     uint G1ConcRefinementThreads                  = 4                                         {product} {ergonomic}
   size_t G1HeapRegionSize                         = 1048576                                   {product} {ergonomic}
    uintx GCDrainStackTargetSize                   = 64                                        {product} {ergonomic}
   size_t InitialHeapSize                          = 56623104                                  {product} {ergonomic}
   size_t MarkStackSize                            = 4194304                                   {product} {ergonomic}
   size_t MaxHeapSize                              = 2147483648                                {product} {command line}
   size_t MaxNewSize                               = 1287651328                                {product} {ergonomic}
   size_t MinHeapDeltaBytes                        = 1048576                                   {product} {ergonomic}
    uintx NonNMethodCodeHeapSize                   = 5830732                                {pd product} {ergonomic}
    uintx NonProfiledCodeHeapSize                  = 122913754                              {pd product} {ergonomic}
    uintx ProfiledCodeHeapSize                     = 122913754                              {pd product} {ergonomic}
    uintx ReservedCodeCacheSize                    = 251658240                              {pd product} {ergonomic}
     bool SegmentedCodeCache                       = true                                      {product} {ergonomic}
     bool UseCompressedClassPointers               = true                                 {lp64_product} {ergonomic}
     bool UseCompressedOops                        = true                                 {lp64_product} {ergonomic}
     bool UseG1GC                                  = true                                      {product} {ergonomic}
     bool UseLargePagesIndividualAllocation        = false                                  {pd product} {ergonomic}

Logging:
Log output configuration:
 #0: stdout all=warning uptime,level,tags
 #1: stderr all=off uptime,level,tags

Environment Variables:
PATH=C:\Program Files\Common Files\Oracle\Java\javapath;C:\windows\system32;C:\windows;C:\windows\System32\Wbem;C:\windows\System32\WindowsPowerShell\v1.0\;C:\windows\System32\OpenSSH\;C:\Program Files\7-Zip;C:\Program Files\nodejs\;C:\Program Files\Git\cmd;C:\Program Files\Go\bin;C:\Program Files\Cloudflare\Cloudflare WARP\;C:\Users\zhold\AppData\Local\Microsoft\WindowsApps;C:\Users\zhold\AppData\Roaming\npm;C:\Users\zhold\AppData\Local\GitHubDesktop\bin;C:\Users\zhold\AppData\Local\Programs\Microsoft VS Code\bin;C:\Program Files\heroku\bin;C:\Users\zhold\go\bin
USERNAME=zhold
OS=Windows_NT
PROCESSOR_IDENTIFIER=AMD64 Family 23 Model 96 Stepping 1, AuthenticAMD



---------------  S Y S T E M  ---------------

OS: Windows 10 , 64 bit Build 19041 (10.0.19041.2251)
OS uptime: 5 days 8:43 hours

CPU:total 4 (initial active 4) (4 cores per cpu, 1 threads per core) family 23 model 96 stepping 1 microcode 0x0, cmov, cx8, fxsr, mmx, sse, sse2, sse3, ssse3, sse4.1, sse4.2, popcnt, avx, avx2, aes, clmul, mmxext, 3dnowpref, lzcnt, sse4a, tsc, tscinvbit, tscinv, bmi1, bmi2, adx, sha, fma

Memory: 4k page, system-wide physical 3445M (213M free)
TotalPageFile size 14197M (AvailPageFile size 31M)
current process WorkingSet (physical memory assigned to process): 234M, peak: 243M
current process commit charge ("private bytes"): 454M, peak: 553M

vm_info: OpenJDK 64-Bit Server VM (11.0.12+7-b1504.28-7817840) for windows-amd64 JRE (11.0.12+7-b1504.28-7817840), built on Oct 13 2021 22:12:33 by "builder" with MS VC++ 14.0 (VS2015)

END.
