#
# There is insufficient memory for the Java Runtime Environment to continue.
# Native memory allocation (mmap) failed to map 29360128 bytes for Failed to commit area from 0x0000000088900000 to 0x000000008a500000 of length 29360128.
# Possible reasons:
#   The system is out of physical RAM or swap space
#   The process is running with CompressedOops enabled, and the Java Heap may be blocking the growth of the native heap
# Possible solutions:
#   Reduce memory load on the system
#   Increase physical memory or swap space
#   Check if swap backing store is full
#   Decrease Java heap size (-Xmx/-Xms)
#   Decrease number of Java threads
#   Decrease Java thread stack sizes (-Xss)
#   Set larger code cache with -XX:ReservedCodeCacheSize=
#   JVM is running with Unscaled Compressed Oops mode in which the Java heap is
#     placed in the first 4GB address space. The Java Heap base address is the
#     maximum limit for the native heap growth. Please use -XX:HeapBaseMinAddress
#     to set the Java Heap base and to place the Java Heap above 4GB virtual address.
# This output file may be truncated or incomplete.
#
#  Out of Memory Error (./src/hotspot/os/windows/os_windows.cpp:3521), pid=20344, tid=12900
#
# JRE version: OpenJDK Runtime Environment (11.0.12+7) (build 11.0.12+7-b1504.28-7817840)
# Java VM: OpenJDK 64-Bit Server VM (11.0.12+7-b1504.28-7817840, mixed mode, tiered, compressed oops, g1 gc, windows-amd64)
# No core dump will be written. Minidumps are not enabled by default on client versions of Windows
#

---------------  S U M M A R Y ------------

Command Line: --add-opens=java.base/java.util=ALL-UNNAMED --add-opens=java.base/java.lang=ALL-UNNAMED --add-opens=java.base/java.lang.invoke=ALL-UNNAMED --add-opens=java.base/java.util=ALL-UNNAMED --add-opens=java.prefs/java.util.prefs=ALL-UNNAMED --add-opens=java.prefs/java.util.prefs=ALL-UNNAMED --add-opens=java.base/java.nio.charset=ALL-UNNAMED --add-opens=java.base/java.net=ALL-UNNAMED --add-opens=java.base/java.util.concurrent.atomic=ALL-UNNAMED -Xmx2048m -Dfile.encoding=UTF-8 -Duser.country=RU -Duser.language=ru -Duser.variant org.gradle.launcher.daemon.bootstrap.GradleDaemon 7.3.3

Host: AMD Ryzen 3 4300U with Radeon Graphics         , 4 cores, 3G,  Windows 10 , 64 bit Build 19041 (10.0.19041.2251)
Time: Sun Dec 11 15:56:34 2022 Центральная Азия (зима) elapsed time: 68.106179 seconds (0d 0h 1m 8s)

---------------  T H R E A D  ---------------

Current thread (0x0000016ac8e1f800):  VMThread "VM Thread" [stack: 0x000000633b600000,0x000000633b700000] [id=12900]

Stack: [0x000000633b600000,0x000000633b700000]
[error occurred during error reporting (printing stack bounds), id 0xc0000005, EXCEPTION_ACCESS_VIOLATION (0xc0000005) at pc=0x0000016ab1e0112d]

Native frames: (J=compiled Java code, j=interpreted, Vv=VM code, C=native code)
V  [jvm.dll+0x5fbcea]
V  [jvm.dll+0x731905]
V  [jvm.dll+0x732f1d]
V  [jvm.dll+0x733535]
V  [jvm.dll+0x7334eb]
V  [jvm.dll+0x5fb080]
V  [jvm.dll+0x5fb818]
C  [ntdll.dll+0xa241f]
C  [ntdll.dll+0x514a4]
C  [ntdll.dll+0xa0f4e]
C  0x0000016ab1e0112d

VM_Operation (0x0000006340bfa250): G1CollectForAllocation, mode: safepoint, requested by thread 0x0000016acaafd000


---------------  P R O C E S S  ---------------

Threads class SMR info:
_java_thread_list=0x0000016acf1c4be0, length=83, elements={
0x0000016aacafa000, 0x0000016ac8e24000, 0x0000016ac8e29000, 0x0000016ac8e55800,
0x0000016ac8e56800, 0x0000016ac8e57800, 0x0000016ac8e9f800, 0x0000016ac8fff800,
0x0000016ac9032800, 0x0000016ac914d800, 0x0000016acab9e800, 0x0000016aca821000,
0x0000016aca8b0000, 0x0000016aca8b2800, 0x0000016ac999c000, 0x0000016aca075000,
0x0000016ac902e800, 0x0000016ac910e800, 0x0000016ac9110000, 0x0000016aca9a4000,
0x0000016aca9a4800, 0x0000016aca9a7000, 0x0000016aca9a5800, 0x0000016aca9a8000,
0x0000016aca9a6800, 0x0000016aca9a2800, 0x0000016aca9a9000, 0x0000016aca9a3000,
0x0000016acbb43000, 0x0000016acbb43800, 0x0000016acbb44800, 0x0000016acbb3f800,
0x0000016acbb46000, 0x0000016acbb45800, 0x0000016acbb40800, 0x0000016acbb47000,
0x0000016acbb41000, 0x0000016acbb4c000, 0x0000016acbb4a000, 0x0000016acbb4c800,
0x0000016acbb4b000, 0x0000016acbb48800, 0x0000016acbb4d800, 0x0000016acbb47800,
0x0000016acbb49800, 0x0000016ac9475800, 0x0000016ac9476000, 0x0000016ac9474000,
0x0000016ac9477000, 0x0000016ac9478000, 0x0000016ac9474800, 0x0000016ac9472000,
0x0000016ac9478800, 0x0000016ac9473000, 0x0000016ac947a800, 0x0000016ac947c800,
0x0000016ac947e800, 0x0000016ac947c000, 0x0000016ac947f000, 0x0000016ac947b000,
0x0000016ac947d800, 0x0000016ac9479800, 0x0000016ac9480000, 0x0000016ac9481000,
0x0000016acaaf6800, 0x0000016acaaf3800, 0x0000016acaaf1800, 0x0000016acaaf1000,
0x0000016acaaf7800, 0x0000016acaaf8800, 0x0000016acaaf2800, 0x0000016acaaf6000,
0x0000016acaaf9000, 0x0000016acaaf4000, 0x0000016acaafa800, 0x0000016acaafa000,
0x0000016acaaf5000, 0x0000016acaafb800, 0x0000016acaafc800, 0x0000016acaafd000,
0x0000016acaafe000, 0x0000016acaaff000, 0x0000016acf7e4000
}

Java Threads: ( => current thread )
  0x0000016aacafa000 JavaThread "main" [_thread_blocked, id=15784, stack(0x000000633b000000,0x000000633b100000)]
  0x0000016ac8e24000 JavaThread "Reference Handler" daemon [_thread_blocked, id=3444, stack(0x000000633b700000,0x000000633b800000)]
  0x0000016ac8e29000 JavaThread "Finalizer" daemon [_thread_blocked, id=18220, stack(0x000000633b800000,0x000000633b900000)]
  0x0000016ac8e55800 JavaThread "Signal Dispatcher" daemon [_thread_blocked, id=15956, stack(0x000000633b900000,0x000000633ba00000)]
  0x0000016ac8e56800 JavaThread "Attach Listener" daemon [_thread_blocked, id=844, stack(0x000000633ba00000,0x000000633bb00000)]
  0x0000016ac8e57800 JavaThread "Service Thread" daemon [_thread_blocked, id=18632, stack(0x000000633bb00000,0x000000633bc00000)]
  0x0000016ac8e9f800 JavaThread "C2 CompilerThread0" daemon [_thread_blocked, id=2896, stack(0x000000633bc00000,0x000000633bd00000)]
  0x0000016ac8fff800 JavaThread "C1 CompilerThread0" daemon [_thread_blocked, id=18980, stack(0x000000633bd00000,0x000000633be00000)]
  0x0000016ac9032800 JavaThread "Sweeper thread" daemon [_thread_blocked, id=18352, stack(0x000000633be00000,0x000000633bf00000)]
  0x0000016ac914d800 JavaThread "Common-Cleaner" daemon [_thread_blocked, id=2876, stack(0x000000633bf00000,0x000000633c000000)]
  0x0000016acab9e800 JavaThread "Daemon health stats" [_thread_blocked, id=15508, stack(0x000000633c200000,0x000000633c300000)]
  0x0000016aca821000 JavaThread "Incoming local TCP Connector on port 63903" [_thread_in_native, id=16776, stack(0x000000633c300000,0x000000633c400000)]
  0x0000016aca8b0000 JavaThread "Daemon periodic checks" [_thread_blocked, id=8544, stack(0x000000633c600000,0x000000633c700000)]
  0x0000016aca8b2800 JavaThread "Daemon" [_thread_blocked, id=17780, stack(0x000000633c700000,0x000000633c800000)]
  0x0000016ac999c000 JavaThread "Handler for socket connection from /127.0.0.1:63903 to /127.0.0.1:63905" [_thread_in_native, id=16276, stack(0x000000633c800000,0x000000633c900000)]
  0x0000016aca075000 JavaThread "Cancel handler" [_thread_blocked, id=19788, stack(0x000000633c900000,0x000000633ca00000)]
  0x0000016ac902e800 JavaThread "Daemon worker" [_thread_blocked, id=14844, stack(0x000000633ca00000,0x000000633cb00000)]
  0x0000016ac910e800 JavaThread "Asynchronous log dispatcher for DefaultDaemonConnection: socket connection from /127.0.0.1:63903 to /127.0.0.1:63905" [_thread_blocked, id=15936, stack(0x000000633cb00000,0x000000633cc00000)]
  0x0000016ac9110000 JavaThread "Stdin handler" [_thread_blocked, id=13332, stack(0x000000633cc00000,0x000000633cd00000)]
  0x0000016aca9a4000 JavaThread "Daemon client event forwarder" [_thread_blocked, id=18868, stack(0x000000633cd00000,0x000000633ce00000)]
  0x0000016aca9a4800 JavaThread "Cache worker for journal cache (C:\Users\zhold\.gradle\caches\journal-1)" [_thread_blocked, id=8832, stack(0x000000633ce00000,0x000000633cf00000)]
  0x0000016aca9a7000 JavaThread "File lock request listener" [_thread_in_native, id=7876, stack(0x000000633cf00000,0x000000633d000000)]
  0x0000016aca9a5800 JavaThread "Cache worker for file hash cache (C:\Users\zhold\.gradle\caches\7.3.3\fileHashes)" [_thread_blocked, id=19088, stack(0x000000633d000000,0x000000633d100000)]
  0x0000016aca9a8000 JavaThread "Cache worker for file hash cache (C:\AndroidStudioWorks\Dice\.gradle\7.3.3\fileHashes)" [_thread_blocked, id=19236, stack(0x000000633d100000,0x000000633d200000)]
  0x0000016aca9a6800 JavaThread "File watcher server" daemon [_thread_blocked, id=19068, stack(0x000000633d200000,0x000000633d300000)]
  0x0000016aca9a2800 JavaThread "File watcher consumer" daemon [_thread_blocked, id=5700, stack(0x000000633d300000,0x000000633d400000)]
  0x0000016aca9a9000 JavaThread "Cache worker for checksums cache (C:\AndroidStudioWorks\Dice\.gradle\7.3.3\checksums)" [_thread_blocked, id=13988, stack(0x000000633d400000,0x000000633d500000)]
  0x0000016aca9a3000 JavaThread "Cache worker for cache directory md-supplier (C:\Users\zhold\.gradle\caches\7.3.3\md-supplier)" [_thread_blocked, id=2704, stack(0x000000633d500000,0x000000633d600000)]
  0x0000016acbb43000 JavaThread "Cache worker for cache directory md-rule (C:\Users\zhold\.gradle\caches\7.3.3\md-rule)" [_thread_blocked, id=4136, stack(0x000000633d600000,0x000000633d700000)]
  0x0000016acbb43800 JavaThread "Cache worker for execution history cache (C:\Users\zhold\.gradle\caches\7.3.3\executionHistory)" [_thread_blocked, id=14180, stack(0x000000633d700000,0x000000633d800000)]
  0x0000016acbb44800 JavaThread "jar transforms" [_thread_blocked, id=15180, stack(0x000000633d800000,0x000000633d900000)]
  0x0000016acbb3f800 JavaThread "Cache worker for file content cache (C:\Users\zhold\.gradle\caches\7.3.3\fileContent)" [_thread_blocked, id=6796, stack(0x000000633d900000,0x000000633da00000)]
  0x0000016acbb46000 JavaThread "jar transforms Thread 2" [_thread_blocked, id=4468, stack(0x000000633da00000,0x000000633db00000)]
  0x0000016acbb45800 JavaThread "Cache worker for dependencies-accessors (C:\AndroidStudioWorks\Dice\.gradle\7.3.3\dependencies-accessors)" [_thread_blocked, id=18224, stack(0x000000633db00000,0x000000633dc00000)]
  0x0000016acbb40800 JavaThread "jar transforms Thread 3" [_thread_blocked, id=20324, stack(0x000000633dc00000,0x000000633dd00000)]
  0x0000016acbb47000 JavaThread "Cache worker for Build Output Cleanup Cache (C:\AndroidStudioWorks\Dice\.gradle\buildOutputCleanup)" [_thread_blocked, id=6400, stack(0x000000633dd00000,0x000000633de00000)]
  0x0000016acbb41000 JavaThread "Unconstrained build operations" [_thread_blocked, id=6868, stack(0x000000633de00000,0x000000633df00000)]
  0x0000016acbb4c000 JavaThread "Unconstrained build operations Thread 2" [_thread_blocked, id=11084, stack(0x000000633df00000,0x000000633e000000)]
  0x0000016acbb4a000 JavaThread "Unconstrained build operations Thread 3" [_thread_blocked, id=6580, stack(0x000000633e000000,0x000000633e100000)]
  0x0000016acbb4c800 JavaThread "Unconstrained build operations Thread 4" [_thread_blocked, id=8852, stack(0x000000633e100000,0x000000633e200000)]
  0x0000016acbb4b000 JavaThread "Unconstrained build operations Thread 5" [_thread_blocked, id=15036, stack(0x000000633e200000,0x000000633e300000)]
  0x0000016acbb48800 JavaThread "Unconstrained build operations Thread 6" [_thread_blocked, id=19516, stack(0x000000633e300000,0x000000633e400000)]
  0x0000016acbb4d800 JavaThread "Unconstrained build operations Thread 7" [_thread_blocked, id=13152, stack(0x000000633e400000,0x000000633e500000)]
  0x0000016acbb47800 JavaThread "Unconstrained build operations Thread 8" [_thread_blocked, id=12436, stack(0x000000633e500000,0x000000633e600000)]
  0x0000016acbb49800 JavaThread "Unconstrained build operations Thread 9" [_thread_blocked, id=7696, stack(0x000000633e600000,0x000000633e700000)]
  0x0000016ac9475800 JavaThread "Unconstrained build operations Thread 10" [_thread_blocked, id=18248, stack(0x000000633e700000,0x000000633e800000)]
  0x0000016ac9476000 JavaThread "Unconstrained build operations Thread 11" [_thread_blocked, id=11612, stack(0x000000633e800000,0x000000633e900000)]
  0x0000016ac9474000 JavaThread "Unconstrained build operations Thread 12" [_thread_blocked, id=21136, stack(0x000000633e900000,0x000000633ea00000)]
  0x0000016ac9477000 JavaThread "Unconstrained build operations Thread 13" [_thread_blocked, id=18144, stack(0x000000633ea00000,0x000000633eb00000)]
  0x0000016ac9478000 JavaThread "Unconstrained build operations Thread 14" [_thread_blocked, id=18724, stack(0x000000633eb00000,0x000000633ec00000)]
  0x0000016ac9474800 JavaThread "Unconstrained build operations Thread 15" [_thread_blocked, id=21440, stack(0x000000633ec00000,0x000000633ed00000)]
  0x0000016ac9472000 JavaThread "Unconstrained build operations Thread 16" [_thread_blocked, id=2148, stack(0x000000633ed00000,0x000000633ee00000)]
  0x0000016ac9478800 JavaThread "Unconstrained build operations Thread 17" [_thread_blocked, id=21236, stack(0x000000633ee00000,0x000000633ef00000)]
  0x0000016ac9473000 JavaThread "Unconstrained build operations Thread 18" [_thread_blocked, id=6056, stack(0x000000633ef00000,0x000000633f000000)]
  0x0000016ac947a800 JavaThread "Unconstrained build operations Thread 19" [_thread_blocked, id=15300, stack(0x000000633f000000,0x000000633f100000)]
  0x0000016ac947c800 JavaThread "Unconstrained build operations Thread 20" [_thread_blocked, id=9692, stack(0x000000633f100000,0x000000633f200000)]
  0x0000016ac947e800 JavaThread "Unconstrained build operations Thread 21" [_thread_blocked, id=8328, stack(0x000000633f200000,0x000000633f300000)]
  0x0000016ac947c000 JavaThread "Unconstrained build operations Thread 22" [_thread_blocked, id=17580, stack(0x000000633f300000,0x000000633f400000)]
  0x0000016ac947f000 JavaThread "Unconstrained build operations Thread 23" [_thread_blocked, id=20984, stack(0x000000633f400000,0x000000633f500000)]
  0x0000016ac947b000 JavaThread "Unconstrained build operations Thread 24" [_thread_blocked, id=19632, stack(0x000000633f500000,0x000000633f600000)]
  0x0000016ac947d800 JavaThread "Unconstrained build operations Thread 25" [_thread_blocked, id=5340, stack(0x000000633f600000,0x000000633f700000)]
  0x0000016ac9479800 JavaThread "Unconstrained build operations Thread 26" [_thread_blocked, id=18360, stack(0x000000633f700000,0x000000633f800000)]
  0x0000016ac9480000 JavaThread "Unconstrained build operations Thread 27" [_thread_blocked, id=7436, stack(0x000000633f800000,0x000000633f900000)]
  0x0000016ac9481000 JavaThread "Unconstrained build operations Thread 28" [_thread_blocked, id=19948, stack(0x000000633f900000,0x000000633fa00000)]
  0x0000016acaaf6800 JavaThread "Unconstrained build operations Thread 29" [_thread_blocked, id=10516, stack(0x000000633fa00000,0x000000633fb00000)]
  0x0000016acaaf3800 JavaThread "Unconstrained build operations Thread 30" [_thread_blocked, id=17808, stack(0x000000633fb00000,0x000000633fc00000)]
  0x0000016acaaf1800 JavaThread "Unconstrained build operations Thread 31" [_thread_blocked, id=15212, stack(0x000000633fc00000,0x000000633fd00000)]
  0x0000016acaaf1000 JavaThread "Unconstrained build operations Thread 32" [_thread_blocked, id=17540, stack(0x000000633fd00000,0x000000633fe00000)]
  0x0000016acaaf7800 JavaThread "Unconstrained build operations Thread 33" [_thread_blocked, id=4132, stack(0x000000633fe00000,0x000000633ff00000)]
  0x0000016acaaf8800 JavaThread "Unconstrained build operations Thread 34" [_thread_blocked, id=19292, stack(0x000000633ff00000,0x0000006340000000)]
  0x0000016acaaf2800 JavaThread "Unconstrained build operations Thread 35" [_thread_blocked, id=7444, stack(0x0000006340000000,0x0000006340100000)]
  0x0000016acaaf6000 JavaThread "Unconstrained build operations Thread 36" [_thread_blocked, id=1344, stack(0x0000006340100000,0x0000006340200000)]
  0x0000016acaaf9000 JavaThread "Unconstrained build operations Thread 37" [_thread_blocked, id=5188, stack(0x0000006340200000,0x0000006340300000)]
  0x0000016acaaf4000 JavaThread "Unconstrained build operations Thread 38" [_thread_blocked, id=20732, stack(0x0000006340300000,0x0000006340400000)]
  0x0000016acaafa800 JavaThread "Unconstrained build operations Thread 39" [_thread_blocked, id=21452, stack(0x0000006340400000,0x0000006340500000)]
  0x0000016acaafa000 JavaThread "Unconstrained build operations Thread 40" [_thread_blocked, id=15580, stack(0x0000006340500000,0x0000006340600000)]
  0x0000016acaaf5000 JavaThread "jar transforms Thread 4" [_thread_blocked, id=16244, stack(0x0000006340600000,0x0000006340700000)]
  0x0000016acaafb800 JavaThread "Memory manager" [_thread_blocked, id=20692, stack(0x0000006340700000,0x0000006340800000)]
  0x0000016acaafc800 JavaThread "build event listener" [_thread_blocked, id=10288, stack(0x0000006340a00000,0x0000006340b00000)]
  0x0000016acaafd000 JavaThread "Execution worker for ':'" [_thread_blocked, id=6828, stack(0x0000006340b00000,0x0000006340c00000)]
  0x0000016acaafe000 JavaThread "Execution worker for ':' Thread 2" [_thread_blocked, id=10428, stack(0x0000006340c00000,0x0000006340d00000)]
  0x0000016acaaff000 JavaThread "Execution worker for ':' Thread 3" [_thread_blocked, id=13276, stack(0x0000006340d00000,0x0000006340e00000)]
  0x0000016acf7e4000 JavaThread "Cache worker for execution history cache (C:\AndroidStudioWorks\Dice\.gradle\7.3.3\executionHistory)" [_thread_blocked, id=16132, stack(0x0000006340e00000,0x0000006340f00000)]

Other Threads:
=>0x0000016ac8e1f800 VMThread "VM Thread" [stack: 0x000000633b600000,0x000000633b700000] [id=12900]
  0x0000016ac916f000 WatcherThread [stack: 0x000000633c000000,0x000000633c100000] [id=7244]
  0x0000016aacb13000 GCTaskThread "GC Thread#0" [stack: 0x000000633b100000,0x000000633b200000] [id=11792]
  0x0000016ac98e8800 GCTaskThread "GC Thread#1" [stack: 0x000000633c100000,0x000000633c200000] [id=4260]
  0x0000016aca0f1000 GCTaskThread "GC Thread#2" [stack: 0x000000633c400000,0x000000633c500000] [id=10404]
  0x0000016aca39d800 GCTaskThread "GC Thread#3" [stack: 0x000000633c500000,0x000000633c600000] [id=484]
  0x0000016aacb43800 ConcurrentGCThread "G1 Main Marker" [stack: 0x000000633b200000,0x000000633b300000] [id=11280]
  0x0000016aacb45000 ConcurrentGCThread "G1 Conc#0" [stack: 0x000000633b300000,0x000000633b400000] [id=13540]
  0x0000016aacb8c000 ConcurrentGCThread "G1 Refine#0" [stack: 0x000000633b400000,0x000000633b500000] [id=1880]
  0x0000016aacb8d000 ConcurrentGCThread "G1 Young RemSet Sampling" [stack: 0x000000633b500000,0x000000633b600000] [id=19388]

Threads with active compile tasks:
C2 CompilerThread0  68146 10255       4       org.apache.xerces.parsers.XML11Configuration::getProperty (20 bytes)

VM state:at safepoint (normal execution)

VM Mutex/Monitor currently owned by a thread:  ([mutex/lock_event])
[0x0000016aacaf5980] Threads_lock - owner thread: 0x0000016ac8e1f800
[0x0000016aacaf6ca0] Heap_lock - owner thread: 0x0000016acaafd000

Heap address: 0x0000000080000000, size: 2048 MB, Compressed Oops mode: 32-bit
Narrow klass base: 0x0000000000000000, Narrow klass shift: 3
Compressed class space size: 1073741824 Address: 0x0000000100000000

Heap:
 garbage-first heap   total 168960K, used 87804K [0x0000000080000000, 0x0000000100000000)
  region size 1024K, 5 young (5120K), 5 survivors (5120K)
 Metaspace       used 87586K, capacity 89671K, committed 89724K, reserved 1126400K
  class space    used 11366K, capacity 12196K, committed 12236K, reserved 1048576K
Heap Regions: E=young(eden), S=young(survivor), O=old, HS=humongous(starts), HC=humongous(continues), CS=collection set, F=free, A=archive, TAMS=top-at-mark-start (previous, next)
|   0|0x0000000080000000, 0x0000000080100000, 0x0000000080100000|100%| O|  |TAMS 0x0000000080100000, 0x0000000080100000| Untracked 
|   1|0x0000000080100000, 0x0000000080200000, 0x0000000080200000|100%| O|  |TAMS 0x0000000080200000, 0x0000000080200000| Untracked 
|   2|0x0000000080200000, 0x0000000080300000, 0x0000000080300000|100%| O|  |TAMS 0x0000000080300000, 0x0000000080300000| Untracked 
|   3|0x0000000080300000, 0x0000000080400000, 0x0000000080400000|100%|HS|  |TAMS 0x0000000080400000, 0x0000000080400000| Complete 
|   4|0x0000000080400000, 0x0000000080500000, 0x0000000080500000|100%|HC|  |TAMS 0x0000000080500000, 0x0000000080500000| Complete 
|   5|0x0000000080500000, 0x0000000080600000, 0x0000000080600000|100%|HC|  |TAMS 0x0000000080600000, 0x0000000080600000| Complete 
|   6|0x0000000080600000, 0x0000000080700000, 0x0000000080700000|100%| O|  |TAMS 0x0000000080700000, 0x0000000080700000| Untracked 
|   7|0x0000000080700000, 0x0000000080800000, 0x0000000080800000|100%| O|  |TAMS 0x0000000080800000, 0x0000000080800000| Untracked 
|   8|0x0000000080800000, 0x0000000080900000, 0x0000000080900000|100%| O|  |TAMS 0x0000000080900000, 0x0000000080900000| Untracked 
|   9|0x0000000080900000, 0x0000000080a00000, 0x0000000080a00000|100%| O|  |TAMS 0x0000000080a00000, 0x0000000080a00000| Untracked 
|  10|0x0000000080a00000, 0x0000000080b00000, 0x0000000080b00000|100%| O|  |TAMS 0x0000000080b00000, 0x0000000080b00000| Untracked 
|  11|0x0000000080b00000, 0x0000000080c00000, 0x0000000080c00000|100%| O|  |TAMS 0x0000000080c00000, 0x0000000080c00000| Untracked 
|  12|0x0000000080c00000, 0x0000000080d00000, 0x0000000080d00000|100%| O|  |TAMS 0x0000000080d00000, 0x0000000080d00000| Untracked 
|  13|0x0000000080d00000, 0x0000000080e00000, 0x0000000080e00000|100%| O|  |TAMS 0x0000000080e00000, 0x0000000080e00000| Untracked 
|  14|0x0000000080e00000, 0x0000000080f00000, 0x0000000080f00000|100%| O|  |TAMS 0x0000000080f00000, 0x0000000080f00000| Untracked 
|  15|0x0000000080f00000, 0x0000000081000000, 0x0000000081000000|100%| O|  |TAMS 0x0000000081000000, 0x0000000081000000| Untracked 
|  16|0x0000000081000000, 0x0000000081100000, 0x0000000081100000|100%| O|  |TAMS 0x0000000081100000, 0x0000000081100000| Untracked 
|  17|0x0000000081100000, 0x0000000081200000, 0x0000000081200000|100%| O|  |TAMS 0x0000000081200000, 0x0000000081200000| Untracked 
|  18|0x0000000081200000, 0x0000000081300000, 0x0000000081300000|100%| O|  |TAMS 0x0000000081300000, 0x0000000081300000| Untracked 
|  19|0x0000000081300000, 0x0000000081400000, 0x0000000081400000|100%| O|  |TAMS 0x0000000081400000, 0x0000000081400000| Untracked 
|  20|0x0000000081400000, 0x0000000081500000, 0x0000000081500000|100%| O|  |TAMS 0x0000000081500000, 0x0000000081500000| Untracked 
|  21|0x0000000081500000, 0x0000000081600000, 0x0000000081600000|100%| O|  |TAMS 0x0000000081600000, 0x0000000081600000| Untracked 
|  22|0x0000000081600000, 0x0000000081700000, 0x0000000081700000|100%| O|  |TAMS 0x0000000081700000, 0x0000000081700000| Untracked 
|  23|0x0000000081700000, 0x0000000081800000, 0x0000000081800000|100%| O|  |TAMS 0x0000000081800000, 0x0000000081800000| Untracked 
|  24|0x0000000081800000, 0x0000000081900000, 0x0000000081900000|100%| O|  |TAMS 0x0000000081900000, 0x0000000081900000| Untracked 
|  25|0x0000000081900000, 0x0000000081a00000, 0x0000000081a00000|100%| O|  |TAMS 0x0000000081a00000, 0x0000000081a00000| Untracked 
|  26|0x0000000081a00000, 0x0000000081b00000, 0x0000000081b00000|100%| O|  |TAMS 0x0000000081b00000, 0x0000000081b00000| Untracked 
|  27|0x0000000081b00000, 0x0000000081c00000, 0x0000000081c00000|100%| O|  |TAMS 0x0000000081c00000, 0x0000000081c00000| Untracked 
|  28|0x0000000081c00000, 0x0000000081d00000, 0x0000000081d00000|100%| O|  |TAMS 0x0000000081d00000, 0x0000000081d00000| Untracked 
|  29|0x0000000081d00000, 0x0000000081e00000, 0x0000000081e00000|100%| O|  |TAMS 0x0000000081e00000, 0x0000000081e00000| Untracked 
|  30|0x0000000081e00000, 0x0000000081f00000, 0x0000000081f00000|100%| O|  |TAMS 0x0000000081f00000, 0x0000000081f00000| Untracked 
|  31|0x0000000081f00000, 0x0000000082000000, 0x0000000082000000|100%| O|  |TAMS 0x0000000082000000, 0x0000000082000000| Untracked 
|  32|0x0000000082000000, 0x0000000082100000, 0x0000000082100000|100%| O|  |TAMS 0x0000000082100000, 0x0000000082100000| Untracked 
|  33|0x0000000082100000, 0x0000000082200000, 0x0000000082200000|100%|HS|  |TAMS 0x0000000082200000, 0x0000000082200000| Complete 
|  34|0x0000000082200000, 0x0000000082300000, 0x0000000082300000|100%|HS|  |TAMS 0x0000000082300000, 0x0000000082300000| Complete 
|  35|0x0000000082300000, 0x0000000082400000, 0x0000000082400000|100%|HS|  |TAMS 0x0000000082400000, 0x0000000082400000| Complete 
|  36|0x0000000082400000, 0x0000000082500000, 0x0000000082500000|100%| O|  |TAMS 0x0000000082500000, 0x0000000082500000| Untracked 
|  37|0x0000000082500000, 0x0000000082600000, 0x0000000082600000|100%| O|  |TAMS 0x0000000082600000, 0x0000000082600000| Untracked 
|  38|0x0000000082600000, 0x0000000082700000, 0x0000000082700000|100%|HS|  |TAMS 0x0000000082700000, 0x0000000082700000| Complete 
|  39|0x0000000082700000, 0x0000000082800000, 0x0000000082800000|100%|HC|  |TAMS 0x0000000082800000, 0x0000000082800000| Complete 
|  40|0x0000000082800000, 0x0000000082900000, 0x0000000082900000|100%|HC|  |TAMS 0x0000000082900000, 0x0000000082900000| Complete 
|  41|0x0000000082900000, 0x0000000082a00000, 0x0000000082a00000|100%| O|  |TAMS 0x0000000082a00000, 0x0000000082a00000| Untracked 
|  42|0x0000000082a00000, 0x0000000082b00000, 0x0000000082b00000|100%| O|  |TAMS 0x0000000082b00000, 0x0000000082b00000| Untracked 
|  43|0x0000000082b00000, 0x0000000082c00000, 0x0000000082c00000|100%| O|  |TAMS 0x0000000082c00000, 0x0000000082c00000| Untracked 
|  44|0x0000000082c00000, 0x0000000082d00000, 0x0000000082d00000|100%|HS|  |TAMS 0x0000000082d00000, 0x0000000082d00000| Complete 
|  45|0x0000000082d00000, 0x0000000082e00000, 0x0000000082e00000|100%|HC|  |TAMS 0x0000000082e00000, 0x0000000082e00000| Complete 
|  46|0x0000000082e00000, 0x0000000082f00000, 0x0000000082f00000|100%| O|  |TAMS 0x0000000082f00000, 0x0000000082f00000| Untracked 
|  47|0x0000000082f00000, 0x0000000083000000, 0x0000000083000000|100%| O|  |TAMS 0x0000000083000000, 0x0000000083000000| Untracked 
|  48|0x0000000083000000, 0x0000000083100000, 0x0000000083100000|100%| O|  |TAMS 0x0000000083100000, 0x0000000083100000| Untracked 
|  49|0x0000000083100000, 0x0000000083200000, 0x0000000083200000|100%| O|  |TAMS 0x0000000083200000, 0x0000000083200000| Untracked 
|  50|0x0000000083200000, 0x0000000083300000, 0x0000000083300000|100%| O|  |TAMS 0x0000000083300000, 0x0000000083300000| Untracked 
|  51|0x0000000083300000, 0x0000000083400000, 0x0000000083400000|100%| O|  |TAMS 0x0000000083400000, 0x0000000083400000| Untracked 
|  52|0x0000000083400000, 0x0000000083500000, 0x0000000083500000|100%| O|  |TAMS 0x0000000083500000, 0x0000000083500000| Untracked 
|  53|0x0000000083500000, 0x0000000083600000, 0x0000000083600000|100%| O|  |TAMS 0x0000000083600000, 0x0000000083600000| Untracked 
|  54|0x0000000083600000, 0x0000000083700000, 0x0000000083700000|100%| O|  |TAMS 0x0000000083700000, 0x0000000083700000| Untracked 
|  55|0x0000000083700000, 0x0000000083800000, 0x0000000083800000|100%| O|  |TAMS 0x0000000083800000, 0x0000000083800000| Untracked 
|  56|0x0000000083800000, 0x0000000083900000, 0x0000000083900000|100%| O|  |TAMS 0x0000000083900000, 0x0000000083900000| Untracked 
|  57|0x0000000083900000, 0x0000000083a00000, 0x0000000083a00000|100%| O|  |TAMS 0x0000000083a00000, 0x0000000083a00000| Untracked 
|  58|0x0000000083a00000, 0x0000000083b00000, 0x0000000083b00000|100%| O|  |TAMS 0x0000000083b00000, 0x0000000083b00000| Untracked 
|  59|0x0000000083b00000, 0x0000000083c00000, 0x0000000083c00000|100%| O|  |TAMS 0x0000000083c00000, 0x0000000083c00000| Untracked 
|  60|0x0000000083c00000, 0x0000000083d00000, 0x0000000083d00000|100%| O|  |TAMS 0x0000000083d00000, 0x0000000083d00000| Untracked 
|  61|0x0000000083d00000, 0x0000000083e00000, 0x0000000083e00000|100%| O|  |TAMS 0x0000000083e00000, 0x0000000083e00000| Untracked 
|  62|0x0000000083e00000, 0x0000000083f00000, 0x0000000083f00000|100%| O|  |TAMS 0x0000000083f00000, 0x0000000083f00000| Untracked 
|  63|0x0000000083f00000, 0x0000000084000000, 0x0000000084000000|100%| O|  |TAMS 0x0000000084000000, 0x0000000084000000| Untracked 
|  64|0x0000000084000000, 0x0000000084100000, 0x0000000084100000|100%| O|  |TAMS 0x0000000084100000, 0x0000000084100000| Untracked 
|  65|0x0000000084100000, 0x0000000084200000, 0x0000000084200000|100%| O|  |TAMS 0x0000000084200000, 0x0000000084200000| Untracked 
|  66|0x0000000084200000, 0x0000000084300000, 0x0000000084300000|100%| O|  |TAMS 0x0000000084300000, 0x0000000084300000| Untracked 
|  67|0x0000000084300000, 0x0000000084400000, 0x0000000084400000|100%| O|  |TAMS 0x0000000084400000, 0x0000000084400000| Untracked 
|  68|0x0000000084400000, 0x0000000084500000, 0x0000000084500000|100%| O|  |TAMS 0x0000000084500000, 0x0000000084500000| Untracked 
|  69|0x0000000084500000, 0x0000000084600000, 0x0000000084600000|100%| O|  |TAMS 0x0000000084600000, 0x0000000084600000| Untracked 
|  70|0x0000000084600000, 0x0000000084700000, 0x0000000084700000|100%| O|  |TAMS 0x0000000084700000, 0x0000000084700000| Untracked 
|  71|0x0000000084700000, 0x0000000084800000, 0x0000000084800000|100%| O|  |TAMS 0x00000000847e6a00, 0x0000000084800000| Untracked 
|  72|0x0000000084800000, 0x0000000084900000, 0x0000000084900000|100%| O|  |TAMS 0x0000000084800000, 0x0000000084900000| Untracked 
|  73|0x0000000084900000, 0x0000000084a00000, 0x0000000084a00000|100%| O|  |TAMS 0x0000000084900000, 0x0000000084a00000| Untracked 
|  74|0x0000000084a00000, 0x0000000084b00000, 0x0000000084b00000|100%| O|  |TAMS 0x0000000084a00000, 0x0000000084b00000| Untracked 
|  75|0x0000000084b00000, 0x0000000084c00000, 0x0000000084c00000|100%| O|  |TAMS 0x0000000084b00000, 0x0000000084c00000| Untracked 
|  76|0x0000000084c00000, 0x0000000084d00000, 0x0000000084d00000|100%| O|  |TAMS 0x0000000084c00000, 0x0000000084d00000| Untracked 
|  77|0x0000000084d00000, 0x0000000084e00000, 0x0000000084e00000|100%| O|  |TAMS 0x0000000084d00000, 0x0000000084e00000| Untracked 
|  78|0x0000000084e00000, 0x0000000084f00000, 0x0000000084f00000|100%| O|  |TAMS 0x0000000084e00000, 0x0000000084f00000| Untracked 
|  79|0x0000000084f00000, 0x0000000085000000, 0x0000000085000000|100%| O|  |TAMS 0x0000000084f00000, 0x0000000085000000| Untracked 
|  80|0x0000000085000000, 0x00000000850bf200, 0x0000000085100000| 74%| O|  |TAMS 0x0000000085000000, 0x00000000850bf200| Untracked 
|  81|0x0000000085100000, 0x0000000085100000, 0x0000000085200000|  0%| F|  |TAMS 0x0000000085100000, 0x0000000085100000| Untracked 
|  82|0x0000000085200000, 0x0000000085200000, 0x0000000085300000|  0%| F|  |TAMS 0x0000000085200000, 0x0000000085200000| Untracked 
|  83|0x0000000085300000, 0x0000000085300000, 0x0000000085400000|  0%| F|  |TAMS 0x0000000085300000, 0x0000000085300000| Untracked 
|  84|0x0000000085400000, 0x0000000085400000, 0x0000000085500000|  0%| F|  |TAMS 0x0000000085400000, 0x0000000085400000| Untracked 
|  85|0x0000000085500000, 0x0000000085500000, 0x0000000085600000|  0%| F|  |TAMS 0x0000000085500000, 0x0000000085500000| Untracked 
|  86|0x0000000085600000, 0x0000000085600000, 0x0000000085700000|  0%| F|  |TAMS 0x0000000085600000, 0x0000000085600000| Untracked 
|  87|0x0000000085700000, 0x0000000085700000, 0x0000000085800000|  0%| F|  |TAMS 0x0000000085700000, 0x0000000085700000| Untracked 
|  88|0x0000000085800000, 0x0000000085800000, 0x0000000085900000|  0%| F|  |TAMS 0x0000000085800000, 0x0000000085800000| Untracked 
|  89|0x0000000085900000, 0x0000000085900000, 0x0000000085a00000|  0%| F|  |TAMS 0x0000000085900000, 0x0000000085900000| Untracked 
|  90|0x0000000085a00000, 0x0000000085a00000, 0x0000000085b00000|  0%| F|  |TAMS 0x0000000085a00000, 0x0000000085a00000| Untracked 
|  91|0x0000000085b00000, 0x0000000085b00000, 0x0000000085c00000|  0%| F|  |TAMS 0x0000000085b00000, 0x0000000085b00000| Untracked 
|  92|0x0000000085c00000, 0x0000000085c00000, 0x0000000085d00000|  0%| F|  |TAMS 0x0000000085c00000, 0x0000000085c00000| Untracked 
|  93|0x0000000085d00000, 0x0000000085d00000, 0x0000000085e00000|  0%| F|  |TAMS 0x0000000085d00000, 0x0000000085d00000| Untracked 
|  94|0x0000000085e00000, 0x0000000085e00000, 0x0000000085f00000|  0%| F|  |TAMS 0x0000000085e00000, 0x0000000085e00000| Untracked 
|  95|0x0000000085f00000, 0x0000000085f00000, 0x0000000086000000|  0%| F|  |TAMS 0x0000000085f00000, 0x0000000085f00000| Untracked 
|  96|0x0000000086000000, 0x0000000086000000, 0x0000000086100000|  0%| F|  |TAMS 0x0000000086000000, 0x0000000086000000| Untracked 
|  97|0x0000000086100000, 0x0000000086100000, 0x0000000086200000|  0%| F|  |TAMS 0x0000000086100000, 0x0000000086100000| Untracked 
|  98|0x0000000086200000, 0x0000000086200000, 0x0000000086300000|  0%| F|  |TAMS 0x0000000086200000, 0x0000000086200000| Untracked 
|  99|0x0000000086300000, 0x0000000086300000, 0x0000000086400000|  0%| F|  |TAMS 0x0000000086300000, 0x0000000086300000| Untracked 
| 100|0x0000000086400000, 0x0000000086400000, 0x0000000086500000|  0%| F|  |TAMS 0x0000000086400000, 0x0000000086400000| Untracked 
| 101|0x0000000086500000, 0x0000000086500000, 0x0000000086600000|  0%| F|  |TAMS 0x0000000086500000, 0x0000000086500000| Untracked 
| 102|0x0000000086600000, 0x0000000086600000, 0x0000000086700000|  0%| F|  |TAMS 0x0000000086600000, 0x0000000086600000| Untracked 
| 103|0x0000000086700000, 0x0000000086700000, 0x0000000086800000|  0%| F|  |TAMS 0x0000000086700000, 0x0000000086700000| Untracked 
| 104|0x0000000086800000, 0x0000000086800000, 0x0000000086900000|  0%| F|  |TAMS 0x0000000086800000, 0x0000000086800000| Untracked 
| 105|0x0000000086900000, 0x0000000086900000, 0x0000000086a00000|  0%| F|  |TAMS 0x0000000086900000, 0x0000000086900000| Untracked 
| 106|0x0000000086a00000, 0x0000000086a00000, 0x0000000086b00000|  0%| F|  |TAMS 0x0000000086a00000, 0x0000000086a00000| Untracked 
| 107|0x0000000086b00000, 0x0000000086b00000, 0x0000000086c00000|  0%| F|  |TAMS 0x0000000086b00000, 0x0000000086b00000| Untracked 
| 108|0x0000000086c00000, 0x0000000086c00000, 0x0000000086d00000|  0%| F|  |TAMS 0x0000000086c00000, 0x0000000086c00000| Untracked 
| 109|0x0000000086d00000, 0x0000000086d00000, 0x0000000086e00000|  0%| F|  |TAMS 0x0000000086d00000, 0x0000000086d00000| Untracked 
| 110|0x0000000086e00000, 0x0000000086e00000, 0x0000000086f00000|  0%| F|  |TAMS 0x0000000086e00000, 0x0000000086e00000| Untracked 
| 111|0x0000000086f00000, 0x0000000086f00000, 0x0000000087000000|  0%| F|  |TAMS 0x0000000086f00000, 0x0000000086f00000| Untracked 
| 112|0x0000000087000000, 0x0000000087000000, 0x0000000087100000|  0%| F|  |TAMS 0x0000000087000000, 0x0000000087000000| Untracked 
| 113|0x0000000087100000, 0x0000000087200000, 0x0000000087200000|100%| S|CS|TAMS 0x0000000087100000, 0x0000000087100000| Complete 
| 114|0x0000000087200000, 0x0000000087300000, 0x0000000087300000|100%| S|CS|TAMS 0x0000000087200000, 0x0000000087200000| Complete 
| 115|0x0000000087300000, 0x0000000087400000, 0x0000000087400000|100%| S|CS|TAMS 0x0000000087300000, 0x0000000087300000| Complete 
| 116|0x0000000087400000, 0x0000000087500000, 0x0000000087500000|100%| S|CS|TAMS 0x0000000087400000, 0x0000000087400000| Complete 
| 117|0x0000000087500000, 0x0000000087600000, 0x0000000087600000|100%| S|CS|TAMS 0x0000000087500000, 0x0000000087500000| Complete 
| 118|0x0000000087600000, 0x0000000087600000, 0x0000000087700000|  0%| F|  |TAMS 0x0000000087600000, 0x0000000087600000| Untracked 
| 119|0x0000000087700000, 0x0000000087700000, 0x0000000087800000|  0%| F|  |TAMS 0x0000000087700000, 0x0000000087700000| Untracked 
| 120|0x0000000087800000, 0x0000000087800000, 0x0000000087900000|  0%| F|  |TAMS 0x0000000087800000, 0x0000000087800000| Untracked 
| 121|0x0000000087900000, 0x0000000087900000, 0x0000000087a00000|  0%| F|  |TAMS 0x0000000087900000, 0x0000000087900000| Untracked 
| 122|0x0000000087a00000, 0x0000000087a00000, 0x0000000087b00000|  0%| F|  |TAMS 0x0000000087a00000, 0x0000000087a00000| Untracked 
| 123|0x0000000087b00000, 0x0000000087b00000, 0x0000000087c00000|  0%| F|  |TAMS 0x0000000087b00000, 0x0000000087b00000| Untracked 
| 124|0x0000000087c00000, 0x0000000087c00000, 0x0000000087d00000|  0%| F|  |TAMS 0x0000000087c00000, 0x0000000087c00000| Untracked 
| 125|0x0000000087d00000, 0x0000000087d00000, 0x0000000087e00000|  0%| F|  |TAMS 0x0000000087d00000, 0x0000000087d00000| Untracked 
| 126|0x0000000087e00000, 0x0000000087e00000, 0x0000000087f00000|  0%| F|  |TAMS 0x0000000087e00000, 0x0000000087e00000| Untracked 
| 127|0x0000000087f00000, 0x0000000087f00000, 0x0000000088000000|  0%| F|  |TAMS 0x0000000087f00000, 0x0000000087f00000| Untracked 
| 128|0x0000000088000000, 0x0000000088000000, 0x0000000088100000|  0%| F|  |TAMS 0x0000000088000000, 0x0000000088000000| Untracked 
| 129|0x0000000088100000, 0x0000000088100000, 0x0000000088200000|  0%| F|  |TAMS 0x0000000088100000, 0x0000000088100000| Untracked 
| 130|0x0000000088200000, 0x0000000088200000, 0x0000000088300000|  0%| F|  |TAMS 0x0000000088200000, 0x0000000088200000| Untracked 
| 131|0x0000000088300000, 0x0000000088300000, 0x0000000088400000|  0%| F|  |TAMS 0x0000000088300000, 0x0000000088300000| Untracked 
| 132|0x0000000088400000, 0x0000000088400000, 0x0000000088500000|  0%| F|  |TAMS 0x0000000088400000, 0x0000000088400000| Untracked 
| 133|0x0000000088500000, 0x0000000088500000, 0x0000000088600000|  0%| F|  |TAMS 0x0000000088500000, 0x0000000088500000| Untracked 
| 134|0x0000000088600000, 0x0000000088600000, 0x0000000088700000|  0%| F|  |TAMS 0x0000000088600000, 0x0000000088600000| Untracked 
| 135|0x0000000088700000, 0x0000000088700000, 0x0000000088800000|  0%| F|  |TAMS 0x0000000088700000, 0x0000000088700000| Untracked 
| 136|0x0000000088800000, 0x0000000088800000, 0x0000000088900000|  0%| F|  |TAMS 0x0000000088800000, 0x0000000088800000| Untracked 

Card table byte_map: [0x0000016ac1820000,0x0000016ac1c20000] _byte_map_base: 0x0000016ac1420000

Marking Bits (Prev, Next): (CMBitMap*) 0x0000016aacb3acc0, (CMBitMap*) 0x0000016aacb3ac88
 Prev Bits: [0x0000016ac4020000, 0x0000016ac6020000)
 Next Bits: [0x0000016ac2020000, 0x0000016ac4020000)

Polling page: 0x0000016aac9c0000

Metaspace:

Usage:
  Non-class:     75.66 MB capacity,    74.43 MB ( 98%) used,  1008.24 KB (  1%) free+waste,   247.31 KB ( <1%) overhead. 
      Class:     11.91 MB capacity,    11.10 MB ( 93%) used,   715.85 KB (  6%) free+waste,   113.31 KB ( <1%) overhead. 
       Both:     87.57 MB capacity,    85.53 MB ( 98%) used,     1.68 MB (  2%) free+waste,   360.63 KB ( <1%) overhead. 

Virtual space:
  Non-class space:       76.00 MB reserved,      75.67 MB (>99%) committed 
      Class space:        1.00 GB reserved,      11.95 MB (  1%) committed 
             Both:        1.07 GB reserved,      87.62 MB (  8%) committed 

Chunk freelists:
   Non-Class:  13.00 KB
       Class:  28.00 KB
        Both:  41.00 KB

MaxMetaspaceSize: 17179869184.00 GB
CompressedClassSpaceSize: 1.00 GB
Initial GC threshold: 20.80 MB
Current GC threshold: 142.91 MB
CDS: off

CodeHeap 'non-profiled nmethods': size=120064Kb used=6345Kb max_used=6345Kb free=113719Kb
 bounds [0x0000016ab98c0000, 0x0000016ab9f00000, 0x0000016ac0e00000]
CodeHeap 'profiled nmethods': size=120000Kb used=22558Kb max_used=22558Kb free=97441Kb
 bounds [0x0000016ab2390000, 0x0000016ab39a0000, 0x0000016ab98c0000]
CodeHeap 'non-nmethods': size=5696Kb used=2368Kb max_used=2406Kb free=3327Kb
 bounds [0x0000016ab1e00000, 0x0000016ab2070000, 0x0000016ab2390000]
 total_blobs=11151 nmethods=10271 adapters=792
 compilation: enabled
              stopped_count=0, restarted_count=0
 full_count=0

Compilation events (20 events):
Event: 67.980 Thread 0x0000016ac8fff800 10290       3       com.android.ide.common.resources.DataItem::isRemoved (15 bytes)
Event: 67.980 Thread 0x0000016ac8fff800 nmethod 10290 0x0000016ab3994890 code [0x0000016ab3994a40, 0x0000016ab3994b98]
Event: 67.985 Thread 0x0000016ac8fff800 10292       3       org.apache.xerces.dom.CoreDocumentImpl::getNodeListCache (69 bytes)
Event: 67.986 Thread 0x0000016ac8fff800 nmethod 10292 0x0000016ab3994c10 code [0x0000016ab3994de0, 0x0000016ab3995218]
Event: 67.994 Thread 0x0000016ac8fff800 10293       3       org.apache.xerces.impl.XMLDocumentFragmentScannerImpl::scanContent (235 bytes)
Event: 67.995 Thread 0x0000016ac8fff800 nmethod 10293 0x0000016ab3995390 code [0x0000016ab39956a0, 0x0000016ab3996718]
Event: 67.997 Thread 0x0000016ac8fff800 10295       3       com.android.utils.XmlUtils::hasElementChildren (47 bytes)
Event: 67.997 Thread 0x0000016ac8fff800 nmethod 10295 0x0000016ab3996d10 code [0x0000016ab3996f00, 0x0000016ab39973f8]
Event: 67.998 Thread 0x0000016ac8fff800 10296       3       org.apache.xerces.dom.CoreDocumentImpl::freeNodeListCache (14 bytes)
Event: 67.998 Thread 0x0000016ac8fff800 nmethod 10296 0x0000016ab3997590 code [0x0000016ab3997740, 0x0000016ab39978f8]
Event: 68.028 Thread 0x0000016ac8e9f800 nmethod 10256 0x0000016ab9eead90 code [0x0000016ab9eeb0c0, 0x0000016ab9eee448]
Event: 68.028 Thread 0x0000016ac8e9f800 10269       4       java.lang.Integer::parseInt (259 bytes)
Event: 68.039 Thread 0x0000016ac8e9f800 nmethod 10269 0x0000016ab9eefe10 code [0x0000016ab9eeffe0, 0x0000016ab9ef0728]
Event: 68.039 Thread 0x0000016ac8e9f800 10291       4       java.util.AbstractSequentialList::<init> (5 bytes)
Event: 68.040 Thread 0x0000016ac8e9f800 nmethod 10291 0x0000016ab9ef0c10 code [0x0000016ab9ef0da0, 0x0000016ab9ef0df8]
Event: 68.040 Thread 0x0000016ac8e9f800 10294       4       org.apache.xerces.dom.CoreDocumentImpl::createAttribute (48 bytes)
Event: 68.048 Thread 0x0000016ac8e9f800 nmethod 10294 0x0000016ab9ef0f10 code [0x0000016ab9ef10c0, 0x0000016ab9ef1698]
Event: 68.048 Thread 0x0000016ac8e9f800 10266       4       org.apache.xerces.dom.AttrImpl::setValue (369 bytes)
Event: 68.054 Thread 0x0000016ac8e9f800 nmethod 10266 0x0000016ab9ef1a10 code [0x0000016ab9ef1be0, 0x0000016ab9ef2018]
Event: 68.054 Thread 0x0000016ac8e9f800 10255       4       org.apache.xerces.parsers.XML11Configuration::getProperty (20 bytes)

GC Heap History (20 events):
Event: 41.794 GC heap after
{Heap after GC invocations=81 (full 0):
 garbage-first heap   total 116736K, used 61921K [0x0000000080000000, 0x0000000100000000)
  region size 1024K, 4 young (4096K), 4 survivors (4096K)
 Metaspace       used 68047K, capacity 69509K, committed 69628K, reserved 1110016K
  class space    used 8636K, capacity 9215K, committed 9292K, reserved 1048576K
}
Event: 43.409 GC heap before
{Heap before GC invocations=82 (full 0):
 garbage-first heap   total 116736K, used 90593K [0x0000000080000000, 0x0000000100000000)
  region size 1024K, 32 young (32768K), 4 survivors (4096K)
 Metaspace       used 68682K, capacity 70224K, committed 70524K, reserved 1110016K
  class space    used 8697K, capacity 9284K, committed 9420K, reserved 1048576K
}
Event: 43.421 GC heap after
{Heap after GC invocations=83 (full 0):
 garbage-first heap   total 116736K, used 64086K [0x0000000080000000, 0x0000000100000000)
  region size 1024K, 3 young (3072K), 3 survivors (3072K)
 Metaspace       used 68682K, capacity 70224K, committed 70524K, reserved 1110016K
  class space    used 8697K, capacity 9284K, committed 9420K, reserved 1048576K
}
Event: 46.449 GC heap before
{Heap before GC invocations=83 (full 0):
 garbage-first heap   total 116736K, used 92758K [0x0000000080000000, 0x0000000100000000)
  region size 1024K, 31 young (31744K), 3 survivors (3072K)
 Metaspace       used 72372K, capacity 73938K, committed 74236K, reserved 1114112K
  class space    used 9357K, capacity 9968K, committed 10060K, reserved 1048576K
}
Event: 46.466 GC heap after
{Heap after GC invocations=84 (full 0):
 garbage-first heap   total 116736K, used 66143K [0x0000000080000000, 0x0000000100000000)
  region size 1024K, 2 young (2048K), 2 survivors (2048K)
 Metaspace       used 72372K, capacity 73938K, committed 74236K, reserved 1114112K
  class space    used 9357K, capacity 9968K, committed 10060K, reserved 1048576K
}
Event: 48.203 GC heap before
{Heap before GC invocations=85 (full 0):
 garbage-first heap   total 116736K, used 94815K [0x0000000080000000, 0x0000000100000000)
  region size 1024K, 30 young (30720K), 2 survivors (2048K)
 Metaspace       used 74977K, capacity 76598K, committed 76924K, reserved 1116160K
  class space    used 9712K, capacity 10353K, committed 10444K, reserved 1048576K
}
Event: 48.212 GC heap after
{Heap after GC invocations=86 (full 0):
 garbage-first heap   total 116736K, used 67812K [0x0000000080000000, 0x0000000100000000)
  region size 1024K, 4 young (4096K), 4 survivors (4096K)
 Metaspace       used 74977K, capacity 76598K, committed 76924K, reserved 1116160K
  class space    used 9712K, capacity 10353K, committed 10444K, reserved 1048576K
}
Event: 50.407 GC heap before
{Heap before GC invocations=86 (full 0):
 garbage-first heap   total 116736K, used 95460K [0x0000000080000000, 0x0000000100000000)
  region size 1024K, 31 young (31744K), 4 survivors (4096K)
 Metaspace       used 77389K, capacity 79043K, committed 79356K, reserved 1118208K
  class space    used 10062K, capacity 10710K, committed 10828K, reserved 1048576K
}
Event: 50.432 GC heap after
{Heap after GC invocations=87 (full 0):
 garbage-first heap   total 116736K, used 69487K [0x0000000080000000, 0x0000000100000000)
  region size 1024K, 4 young (4096K), 4 survivors (4096K)
 Metaspace       used 77389K, capacity 79043K, committed 79356K, reserved 1118208K
  class space    used 10062K, capacity 10710K, committed 10828K, reserved 1048576K
}
Event: 51.435 GC heap before
{Heap before GC invocations=88 (full 0):
 garbage-first heap   total 116736K, used 96111K [0x0000000080000000, 0x0000000100000000)
  region size 1024K, 30 young (30720K), 4 survivors (4096K)
 Metaspace       used 80853K, capacity 82534K, committed 82684K, reserved 1120256K
  class space    used 10540K, capacity 11218K, committed 11340K, reserved 1048576K
}
Event: 51.458 GC heap after
{Heap after GC invocations=89 (full 0):
 garbage-first heap   total 116736K, used 70992K [0x0000000080000000, 0x0000000100000000)
  region size 1024K, 3 young (3072K), 3 survivors (3072K)
 Metaspace       used 80853K, capacity 82534K, committed 82684K, reserved 1120256K
  class space    used 10540K, capacity 11218K, committed 11340K, reserved 1048576K
}
Event: 53.362 GC heap before
{Heap before GC invocations=89 (full 0):
 garbage-first heap   total 116736K, used 97616K [0x0000000080000000, 0x0000000100000000)
  region size 1024K, 29 young (29696K), 3 survivors (3072K)
 Metaspace       used 82651K, capacity 84474K, committed 84604K, reserved 1122304K
  class space    used 10747K, capacity 11407K, committed 11468K, reserved 1048576K
}
Event: 53.380 GC heap after
{Heap after GC invocations=90 (full 0):
 garbage-first heap   total 140288K, used 73488K [0x0000000080000000, 0x0000000100000000)
  region size 1024K, 4 young (4096K), 4 survivors (4096K)
 Metaspace       used 82651K, capacity 84474K, committed 84604K, reserved 1122304K
  class space    used 10747K, capacity 11407K, committed 11468K, reserved 1048576K
}
Event: 56.989 GC heap before
{Heap before GC invocations=91 (full 0):
 garbage-first heap   total 140288K, used 107280K [0x0000000080000000, 0x0000000100000000)
  region size 1024K, 38 young (38912K), 4 survivors (4096K)
 Metaspace       used 85081K, capacity 87119K, committed 87164K, reserved 1124352K
  class space    used 11161K, capacity 11971K, committed 11980K, reserved 1048576K
}
Event: 57.032 GC heap after
{Heap after GC invocations=92 (full 0):
 garbage-first heap   total 140288K, used 76118K [0x0000000080000000, 0x0000000100000000)
  region size 1024K, 5 young (5120K), 5 survivors (5120K)
 Metaspace       used 85081K, capacity 87119K, committed 87164K, reserved 1124352K
  class space    used 11161K, capacity 11971K, committed 11980K, reserved 1048576K
}
Event: 61.769 GC heap before
{Heap before GC invocations=92 (full 0):
 garbage-first heap   total 140288K, used 109910K [0x0000000080000000, 0x0000000100000000)
  region size 1024K, 39 young (39936K), 5 survivors (5120K)
 Metaspace       used 85384K, capacity 87434K, committed 87804K, reserved 1124352K
  class space    used 11175K, capacity 11985K, committed 12108K, reserved 1048576K
}
Event: 61.798 GC heap after
{Heap after GC invocations=93 (full 0):
 garbage-first heap   total 140288K, used 78746K [0x0000000080000000, 0x0000000100000000)
  region size 1024K, 5 young (5120K), 5 survivors (5120K)
 Metaspace       used 85384K, capacity 87434K, committed 87804K, reserved 1124352K
  class space    used 11175K, capacity 11985K, committed 12108K, reserved 1048576K
}
Event: 66.639 GC heap before
{Heap before GC invocations=94 (full 0):
 garbage-first heap   total 140288K, used 112538K [0x0000000080000000, 0x0000000100000000)
  region size 1024K, 39 young (39936K), 5 survivors (5120K)
 Metaspace       used 87502K, capacity 89607K, committed 89724K, reserved 1126400K
  class space    used 11366K, capacity 12196K, committed 12236K, reserved 1048576K
}
Event: 66.685 GC heap after
{Heap after GC invocations=95 (full 0):
 garbage-first heap   total 140288K, used 82354K [0x0000000080000000, 0x0000000100000000)
  region size 1024K, 5 young (5120K), 5 survivors (5120K)
 Metaspace       used 87502K, capacity 89607K, committed 89724K, reserved 1126400K
  class space    used 11366K, capacity 12196K, committed 12236K, reserved 1048576K
}
Event: 68.057 GC heap before
{Heap before GC invocations=95 (full 0):
 garbage-first heap   total 140288K, used 100786K [0x0000000080000000, 0x0000000100000000)
  region size 1024K, 24 young (24576K), 5 survivors (5120K)
 Metaspace       used 87586K, capacity 89671K, committed 89724K, reserved 1126400K
  class space    used 11366K, capacity 12196K, committed 12236K, reserved 1048576K
}

Deoptimization events (20 events):
Event: 66.194 Thread 0x0000016acaafd000 Uncommon trap: trap_request=0xffffff4d fr.pc=0x0000016ab9ea4394 relative=0x00000000000009f4
Event: 66.194 Thread 0x0000016acaafd000 Uncommon trap: reason=unstable_if action=reinterpret pc=0x0000016ab9ea4394 method=org.apache.xerces.impl.XMLEntityScanner.scanContent(Lorg/apache/xerces/xni/XMLString;)I @ 461 c2
Event: 66.194 Thread 0x0000016acaafd000 DEOPT PACKING pc=0x0000016ab9ea4394 sp=0x0000006340bfa290
Event: 66.195 Thread 0x0000016acaafd000 DEOPT UNPACKING pc=0x0000016ab1e4a1af sp=0x0000006340bfa228 mode 2
Event: 66.280 Thread 0x0000016acaafd000 Uncommon trap: trap_request=0xffffff4d fr.pc=0x0000016ab9e91b38 relative=0x0000000000000098
Event: 66.280 Thread 0x0000016acaafd000 Uncommon trap: reason=unstable_if action=reinterpret pc=0x0000016ab9e91b38 method=org.apache.xerces.impl.XMLEntityScanner.peekChar()I @ 14 c2
Event: 66.280 Thread 0x0000016acaafd000 DEOPT PACKING pc=0x0000016ab9e91b38 sp=0x0000006340bfa300
Event: 66.280 Thread 0x0000016acaafd000 DEOPT UNPACKING pc=0x0000016ab1e4a1af sp=0x0000006340bfa290 mode 2
Event: 66.345 Thread 0x0000016acaafd000 Uncommon trap: trap_request=0xffffff4d fr.pc=0x0000016ab9be63f4 relative=0x0000000000000594
Event: 66.345 Thread 0x0000016acaafd000 Uncommon trap: reason=unstable_if action=reinterpret pc=0x0000016ab9be63f4 method=org.apache.xerces.impl.XMLEntityScanner.scanLiteral(ILorg/apache/xerces/xni/XMLString;)I @ 43 c2
Event: 66.345 Thread 0x0000016acaafd000 DEOPT PACKING pc=0x0000016ab9be63f4 sp=0x0000006340bf9f80
Event: 66.345 Thread 0x0000016acaafd000 DEOPT UNPACKING pc=0x0000016ab1e4a1af sp=0x0000006340bf9f00 mode 2
Event: 66.464 Thread 0x0000016acaafd000 Uncommon trap: trap_request=0xffffff4d fr.pc=0x0000016ab9ea6038 relative=0x0000000000000318
Event: 66.465 Thread 0x0000016acaafd000 Uncommon trap: reason=unstable_if action=reinterpret pc=0x0000016ab9ea6038 method=java.lang.StringUTF16.compress([BI[BII)I @ 29 c2
Event: 66.465 Thread 0x0000016acaafd000 DEOPT PACKING pc=0x0000016ab9ea6038 sp=0x0000006340bf9f20
Event: 66.465 Thread 0x0000016acaafd000 DEOPT UNPACKING pc=0x0000016ab1e4a1af sp=0x0000006340bf9ea0 mode 2
Event: 67.994 Thread 0x0000016acaafd000 Uncommon trap: trap_request=0xffffff4d fr.pc=0x0000016ab9edd4fc relative=0x000000000000019c
Event: 67.994 Thread 0x0000016acaafd000 Uncommon trap: reason=unstable_if action=reinterpret pc=0x0000016ab9edd4fc method=org.apache.xerces.impl.XMLDocumentFragmentScannerImpl.scanContent()I @ 73 c2
Event: 67.994 Thread 0x0000016acaafd000 DEOPT PACKING pc=0x0000016ab9edd4fc sp=0x0000006340bfa1e0
Event: 67.994 Thread 0x0000016acaafd000 DEOPT UNPACKING pc=0x0000016ab1e4a1af sp=0x0000006340bfa178 mode 2

Classes redefined (0 events):
No events

Internal exceptions (20 events):
Event: 54.223 Thread 0x0000016aca9a4000 Exception <a 'java/lang/NoSuchMethodError'{0x000000008825b0a8}: <clinit>> (0x000000008825b0a8) thrown at [./src/hotspot/share/prims/jni.cpp, line 1365]
Event: 54.233 Thread 0x0000016aca9a4000 Exception <a 'java/lang/NoSuchMethodError'{0x000000008829bab8}: <clinit>> (0x000000008829bab8) thrown at [./src/hotspot/share/prims/jni.cpp, line 1365]
Event: 54.236 Thread 0x0000016aca9a4000 Exception <a 'java/lang/NoSuchMethodError'{0x00000000882af620}: <clinit>> (0x00000000882af620) thrown at [./src/hotspot/share/prims/jni.cpp, line 1365]
Event: 54.236 Thread 0x0000016aca9a4000 Exception <a 'java/lang/NoSuchMethodError'{0x00000000882b0d98}: <clinit>> (0x00000000882b0d98) thrown at [./src/hotspot/share/prims/jni.cpp, line 1365]
Event: 54.284 Thread 0x0000016acaafc800 Exception <a 'java/lang/NoSuchMethodError'{0x00000000880cba60}: <clinit>> (0x00000000880cba60) thrown at [./src/hotspot/share/prims/jni.cpp, line 1365]
Event: 54.297 Thread 0x0000016acaafc800 Exception <a 'java/lang/NoSuchMethodError'{0x00000000880e0cf8}: <clinit>> (0x00000000880e0cf8) thrown at [./src/hotspot/share/prims/jni.cpp, line 1365]
Event: 54.306 Thread 0x0000016acaafc800 Exception <a 'java/lang/NoSuchMethodError'{0x0000000087f3f4e8}: <clinit>> (0x0000000087f3f4e8) thrown at [./src/hotspot/share/prims/jni.cpp, line 1365]
Event: 54.308 Thread 0x0000016acaafe000 Exception <a 'java/lang/IncompatibleClassChangeError'{0x0000000087f506a8}: Found class java.lang.Object, but interface was expected> (0x0000000087f506a8) thrown at [./src/hotspot/share/interpreter/linkResolver.cpp, line 839]
Event: 54.313 Thread 0x0000016acaafc800 Exception <a 'java/lang/NoSuchMethodError'{0x0000000087f6c748}: 'void java.lang.invoke.DirectMethodHandle$Holder.invokeSpecial(java.lang.Object, java.lang.Object, java.lang.Object, int)'> (0x0000000087f6c748) thrown at [./src/hotspot/share/interpreter/linkResolver.cpp, line 773]
Event: 54.364 Thread 0x0000016aca9a4000 Exception <a 'java/lang/NoSuchMethodError'{0x0000000087edbd58}: <clinit>> (0x0000000087edbd58) thrown at [./src/hotspot/share/prims/jni.cpp, line 1365]
Event: 54.365 Thread 0x0000016acaafe000 Exception <a 'java/lang/NoSuchMethodError'{0x0000000087e9fc58}: 'java.lang.Object java.lang.invoke.DirectMethodHandle$Holder.invokeInterface(java.lang.Object, java.lang.Object, int)'> (0x0000000087e9fc58) thrown at [./src/hotspot/share/interpreter/linkResolver.cpp, line 773]
Event: 54.370 Thread 0x0000016acaafe000 Exception <a 'java/lang/NoSuchMethodError'{0x0000000087ee15d8}: 'void java.lang.invoke.DirectMethodHandle$Holder.invokeStatic(java.lang.Object, java.lang.Object, java.lang.Object, int)'> (0x0000000087ee15d8) thrown at [./src/hotspot/share/interpreter/linkResolver.cpp, line 773]
Event: 54.486 Thread 0x0000016acaafe000 Implicit null exception at 0x0000016ab9b8df77 to 0x0000016ab9b8e110
Event: 54.530 Thread 0x0000016acaafe000 Exception <a 'java/lang/IncompatibleClassChangeError'{0x0000000087c76ac0}: Found class java.lang.Object, but interface was expected> (0x0000000087c76ac0) thrown at [./src/hotspot/share/interpreter/linkResolver.cpp, line 839]
Event: 54.642 Thread 0x0000016acaafe000 Exception <a 'java/lang/NoSuchMethodError'{0x0000000087923260}: 'int java.lang.invoke.DirectMethodHandle$Holder.invokeStaticInit(java.lang.Object, java.lang.Object, java.lang.Object, java.lang.Object, java.lang.Object)'> (0x0000000087923260) thrown at [./src/hotspot/share/interpreter/linkResolver.cpp, line 773]
Event: 55.488 Thread 0x0000016acaafe000 Exception <a 'java/lang/NoSuchMethodError'{0x0000000087242e18}: 'void java.lang.invoke.DirectMethodHandle$Holder.invokeStatic(java.lang.Object, java.lang.Object, java.lang.Object, java.lang.Object, int, java.lang.Object, java.lang.Object)'> (0x0000000087242e18) thrown at [./src/hotspot/share/interpreter/linkResolver.cpp, line 773]
Event: 55.596 Thread 0x0000016acaaf2800 Exception <a 'java/lang/NoSuchMethodError'{0x0000000086e5f6a8}: 'java.lang.Object java.lang.invoke.DirectMethodHandle$Holder.invokeSpecialIFC(java.lang.Object, java.lang.Object, java.lang.Object)'> (0x0000000086e5f6a8) thrown at [./src/hotspot/share/interpreter/linkResolver.cpp, line 773]
Event: 55.596 Thread 0x0000016ac9475800 Exception <a 'java/lang/NoSuchMethodError'{0x0000000086e72980}: 'java.lang.Object java.lang.invoke.DirectMethodHandle$Holder.invokeSpecialIFC(java.lang.Object, java.lang.Object, java.lang.Object)'> (0x0000000086e72980) thrown at [./src/hotspot/share/interpreter/linkResolver.cpp, line 773]
Event: 55.930 Thread 0x0000016acaafe000 Implicit null exception at 0x0000016ab9e10ef0 to 0x0000016ab9e11854
Event: 60.799 Thread 0x0000016ac9480000 Exception <a 'java/lang/NoSuchMethodError'{0x00000000875c09f0}: 'void java.lang.invoke.DirectMethodHandle$Holder.invokeVirtual(java.lang.Object, java.lang.Object)'> (0x00000000875c09f0) thrown at [./src/hotspot/share/interpreter/linkResolver.cpp, line 773]

Events (20 events):
Event: 64.759 loading class com/android/resources/HighDynamicRange done
Event: 64.761 loading class com/android/resources/ScreenOrientation
Event: 64.761 loading class com/android/resources/ScreenOrientation done
Event: 64.762 loading class com/android/resources/UiMode
Event: 64.762 loading class com/android/resources/UiMode done
Event: 64.763 loading class com/android/resources/NightMode
Event: 64.763 loading class com/android/resources/NightMode done
Event: 64.764 loading class com/android/resources/TouchScreen
Event: 64.764 loading class com/android/resources/TouchScreen done
Event: 64.765 loading class com/android/resources/KeyboardState
Event: 64.765 loading class com/android/resources/KeyboardState done
Event: 64.766 loading class com/android/resources/Keyboard
Event: 64.766 loading class com/android/resources/Keyboard done
Event: 64.767 loading class com/android/resources/NavigationState
Event: 64.767 loading class com/android/resources/NavigationState done
Event: 64.767 loading class com/android/resources/Navigation
Event: 64.767 loading class com/android/resources/Navigation done
Event: 66.639 Executing VM operation: G1CollectForAllocation
Event: 66.685 Executing VM operation: G1CollectForAllocation done
Event: 68.057 Executing VM operation: G1CollectForAllocation


Dynamic libraries:
0x00007ff764840000 - 0x00007ff76484a000 	C:\Program Files\Android\Android Studio\jre\bin\java.exe
0x00007fff5bdb0000 - 0x00007fff5bfa8000 	C:\windows\SYSTEM32\ntdll.dll
0x00007fff5b150000 - 0x00007fff5b20f000 	C:\windows\System32\KERNEL32.DLL
0x00007fff596d0000 - 0x00007fff599a2000 	C:\windows\System32\KERNELBASE.dll
0x00007fff59a50000 - 0x00007fff59b50000 	C:\windows\System32\ucrtbase.dll
0x00007fff31880000 - 0x00007fff31899000 	C:\Program Files\Android\Android Studio\jre\bin\jli.dll
0x00007fff5a900000 - 0x00007fff5aa9d000 	C:\windows\System32\USER32.dll
0x00007fff59610000 - 0x00007fff59632000 	C:\windows\System32\win32u.dll
0x00007fff5b8b0000 - 0x00007fff5b8db000 	C:\windows\System32\GDI32.dll
0x00007fff594b0000 - 0x00007fff595bf000 	C:\windows\System32\gdi32full.dll
0x00007fff599b0000 - 0x00007fff59a4d000 	C:\windows\System32\msvcp_win.dll
0x00007fff2a2d0000 - 0x00007fff2a2e7000 	C:\Program Files\Android\Android Studio\jre\bin\VCRUNTIME140.dll
0x00007fff41da0000 - 0x00007fff4203a000 	C:\windows\WinSxS\amd64_microsoft.windows.common-controls_6595b64144ccf1df_6.0.19041.1110_none_60b5254171f9507e\COMCTL32.dll
0x00007fff5a860000 - 0x00007fff5a8fe000 	C:\windows\System32\msvcrt.dll
0x00007fff5b870000 - 0x00007fff5b8a2000 	C:\windows\System32\IMM32.DLL
0x00007fff26320000 - 0x00007fff263bd000 	C:\Program Files\Android\Android Studio\jre\bin\msvcp140.dll
0x00007fff14ad0000 - 0x00007fff155b5000 	C:\Program Files\Android\Android Studio\jre\bin\server\jvm.dll
0x00007fff5abe0000 - 0x00007fff5ac8e000 	C:\windows\System32\ADVAPI32.dll
0x00007fff5ac90000 - 0x00007fff5ad2c000 	C:\windows\System32\sechost.dll
0x00007fff5a6a0000 - 0x00007fff5a7c5000 	C:\windows\System32\RPCRT4.dll
0x00007fff59e00000 - 0x00007fff59e08000 	C:\windows\System32\PSAPI.DLL
0x00007fff3acf0000 - 0x00007fff3acf9000 	C:\windows\SYSTEM32\WSOCK32.dll
0x00007fff5af40000 - 0x00007fff5afab000 	C:\windows\System32\WS2_32.dll
0x00007fff4fb70000 - 0x00007fff4fb97000 	C:\windows\SYSTEM32\WINMM.dll
0x00007fff4fba0000 - 0x00007fff4fbaa000 	C:\windows\SYSTEM32\VERSION.dll
0x00007fff57350000 - 0x00007fff57362000 	C:\windows\SYSTEM32\kernel.appcore.dll
0x00007fff51c00000 - 0x00007fff51c11000 	C:\Program Files\Android\Android Studio\jre\bin\verify.dll
0x00007fff46e30000 - 0x00007fff47014000 	C:\windows\SYSTEM32\DBGHELP.DLL
0x00007fff40f90000 - 0x00007fff40fbc000 	C:\windows\SYSTEM32\dbgcore.DLL
0x00007fff59640000 - 0x00007fff596c2000 	C:\windows\System32\bcryptPrimitives.dll
0x00007fff51bd0000 - 0x00007fff51bf9000 	C:\Program Files\Android\Android Studio\jre\bin\java.dll
0x00007fff55830000 - 0x00007fff5583b000 	C:\Program Files\Android\Android Studio\jre\bin\jimage.dll
0x00007fff50ba0000 - 0x00007fff50bb8000 	C:\Program Files\Android\Android Studio\jre\bin\zip.dll
0x00007fff59f50000 - 0x00007fff5a693000 	C:\windows\System32\SHELL32.dll
0x00007fff57570000 - 0x00007fff57d02000 	C:\windows\SYSTEM32\windows.storage.dll
0x00007fff5ba10000 - 0x00007fff5bd64000 	C:\windows\System32\combase.dll
0x00007fff58ec0000 - 0x00007fff58ef0000 	C:\windows\SYSTEM32\Wldp.dll
0x00007fff5b7c0000 - 0x00007fff5b86d000 	C:\windows\System32\SHCORE.dll
0x00007fff59e10000 - 0x00007fff59e65000 	C:\windows\System32\shlwapi.dll
0x00007fff593f0000 - 0x00007fff5940f000 	C:\windows\SYSTEM32\profapi.dll
0x00007fff50b60000 - 0x00007fff50b7a000 	C:\Program Files\Android\Android Studio\jre\bin\net.dll
0x00007fff536a0000 - 0x00007fff537ac000 	C:\windows\SYSTEM32\WINHTTP.dll
0x00007fff58c00000 - 0x00007fff58c6a000 	C:\windows\system32\mswsock.dll
0x00007fff42430000 - 0x00007fff42444000 	C:\Program Files\Android\Android Studio\jre\bin\nio.dll
0x00007fff2bfb0000 - 0x00007fff2bfd7000 	C:\Users\zhold\.gradle\native\e1d6ef7f7dcc3fd88c89a11ec53ec762bb8ba0a96d01ffa2cd45eb1d1d8dd5c5\windows-amd64\native-platform.dll
0x00007fff21f50000 - 0x00007fff22094000 	C:\Users\zhold\.gradle\native\5664cfc778a61ccfe75a443a1ab52a65af34e5dc3c78e0209fed803814484fcb\windows-amd64\native-platform-file-events.dll
0x00007fff547a0000 - 0x00007fff547aa000 	C:\Program Files\Android\Android Studio\jre\bin\management.dll
0x00007fff51e70000 - 0x00007fff51e7d000 	C:\Program Files\Android\Android Studio\jre\bin\management_ext.dll
0x00007fff58df0000 - 0x00007fff58e08000 	C:\windows\SYSTEM32\CRYPTSP.dll
0x00007fff58520000 - 0x00007fff58554000 	C:\windows\system32\rsaenh.dll
0x00007fff59b50000 - 0x00007fff59b77000 	C:\windows\System32\bcrypt.dll
0x00007fff59370000 - 0x00007fff5939e000 	C:\windows\SYSTEM32\USERENV.dll
0x00007fff58e10000 - 0x00007fff58e1c000 	C:\windows\SYSTEM32\CRYPTBASE.dll
0x00007fff588f0000 - 0x00007fff5892b000 	C:\windows\SYSTEM32\IPHLPAPI.DLL
0x00007fff5b090000 - 0x00007fff5b098000 	C:\windows\System32\NSI.dll
0x00007fff50560000 - 0x00007fff50577000 	C:\windows\SYSTEM32\dhcpcsvc6.DLL
0x00007fff50760000 - 0x00007fff5077d000 	C:\windows\SYSTEM32\dhcpcsvc.DLL
0x00007fff58940000 - 0x00007fff58a0a000 	C:\windows\SYSTEM32\DNSAPI.dll

dbghelp: loaded successfully - version: 4.0.5 - missing functions: none
symbol engine: initialized successfully - sym options: 0x614 - pdb path: .;C:\Program Files\Android\Android Studio\jre\bin;C:\windows\SYSTEM32;C:\windows\WinSxS\amd64_microsoft.windows.common-controls_6595b64144ccf1df_6.0.19041.1110_none_60b5254171f9507e;C:\Program Files\Android\Android Studio\jre\bin\server;C:\Users\zhold\.gradle\native\e1d6ef7f7dcc3fd88c89a11ec53ec762bb8ba0a96d01ffa2cd45eb1d1d8dd5c5\windows-amd64;C:\Users\zhold\.gradle\native\5664cfc778a61ccfe75a443a1ab52a65af34e5dc3c78e0209fed803814484fcb\windows-amd64

VM Arguments:
jvm_args: --add-opens=java.base/java.util=ALL-UNNAMED --add-opens=java.base/java.lang=ALL-UNNAMED --add-opens=java.base/java.lang.invoke=ALL-UNNAMED --add-opens=java.base/java.util=ALL-UNNAMED --add-opens=java.prefs/java.util.prefs=ALL-UNNAMED --add-opens=java.prefs/java.util.prefs=ALL-UNNAMED --add-opens=java.base/java.nio.charset=ALL-UNNAMED --add-opens=java.base/java.net=ALL-UNNAMED --add-opens=java.base/java.util.concurrent.atomic=ALL-UNNAMED -Xmx2048m -Dfile.encoding=UTF-8 -Duser.country=RU -Duser.language=ru -Duser.variant 
java_command: org.gradle.launcher.daemon.bootstrap.GradleDaemon 7.3.3
java_class_path (initial): C:\Users\zhold\.gradle\wrapper\dists\gradle-7.3.3-bin\6a41zxkdtcxs8rphpq6y0069z\gradle-7.3.3\lib\gradle-launcher-7.3.3.jar
Launcher Type: SUN_STANDARD

[Global flags]
     intx CICompilerCount                          = 3                                         {product} {ergonomic}
     uint ConcGCThreads                            = 1                                         {product} {ergonomic}
     uint G1ConcRefinementThreads                  = 4                                         {product} {ergonomic}
   size_t G1HeapRegionSize                         = 1048576                                   {product} {ergonomic}
    uintx GCDrainStackTargetSize                   = 64                                        {product} {ergonomic}
   size_t InitialHeapSize                          = 56623104                                  {product} {ergonomic}
   size_t MarkStackSize                            = 4194304                                   {product} {ergonomic}
   size_t MaxHeapSize                              = 2147483648                                {product} {command line}
   size_t MaxNewSize                               = 1287651328                                {product} {ergonomic}
   size_t MinHeapDeltaBytes                        = 1048576                                   {product} {ergonomic}
    uintx NonNMethodCodeHeapSize                   = 5830732                                {pd product} {ergonomic}
    uintx NonProfiledCodeHeapSize                  = 122913754                              {pd product} {ergonomic}
    uintx ProfiledCodeHeapSize                     = 122913754                              {pd product} {ergonomic}
    uintx ReservedCodeCacheSize                    = 251658240                              {pd product} {ergonomic}
     bool SegmentedCodeCache                       = true                                      {product} {ergonomic}
     bool UseCompressedClassPointers               = true                                 {lp64_product} {ergonomic}
     bool UseCompressedOops                        = true                                 {lp64_product} {ergonomic}
     bool UseG1GC                                  = true                                      {product} {ergonomic}
     bool UseLargePagesIndividualAllocation        = false                                  {pd product} {ergonomic}

Logging:
Log output configuration:
 #0: stdout all=warning uptime,level,tags
 #1: stderr all=off uptime,level,tags

Environment Variables:
PATH=C:\Program Files\Common Files\Oracle\Java\javapath;C:\windows\system32;C:\windows;C:\windows\System32\Wbem;C:\windows\System32\WindowsPowerShell\v1.0\;C:\windows\System32\OpenSSH\;C:\Program Files\7-Zip;C:\Program Files\nodejs\;C:\Program Files\Git\cmd;C:\Program Files\Go\bin;C:\Program Files\Cloudflare\Cloudflare WARP\;C:\Users\zhold\AppData\Local\Microsoft\WindowsApps;C:\Users\zhold\AppData\Roaming\npm;C:\Users\zhold\AppData\Local\GitHubDesktop\bin;C:\Users\zhold\AppData\Local\Programs\Microsoft VS Code\bin;C:\Program Files\heroku\bin;C:\Users\zhold\go\bin
USERNAME=zhold
OS=Windows_NT
PROCESSOR_IDENTIFIER=AMD64 Family 23 Model 96 Stepping 1, AuthenticAMD



---------------  S Y S T E M  ---------------

OS: Windows 10 , 64 bit Build 19041 (10.0.19041.2251)
OS uptime: 5 days 8:45 hours

CPU:total 4 (initial active 4) (4 cores per cpu, 1 threads per core) family 23 model 96 stepping 1 microcode 0x0, cmov, cx8, fxsr, mmx, sse, sse2, sse3, ssse3, sse4.1, sse4.2, popcnt, avx, avx2, aes, clmul, mmxext, 3dnowpref, lzcnt, sse4a, tsc, tscinvbit, tscinv, bmi1, bmi2, adx, sha, fma

Memory: 4k page, system-wide physical 3445M (65M free)
TotalPageFile size 14197M (AvailPageFile size 26M)
current process WorkingSet (physical memory assigned to process): 193M, peak: 208M
current process commit charge ("private bytes"): 405M, peak: 433M

vm_info: OpenJDK 64-Bit Server VM (11.0.12+7-b1504.28-7817840) for windows-amd64 JRE (11.0.12+7-b1504.28-7817840), built on Oct 13 2021 22:12:33 by "builder" with MS VC++ 14.0 (VS2015)

END.
